1706278957.615007 2024-01-26 11:22:37 MainProcess-8655 MainThread-139984588752704 parsl.dataflow.dflow:91 __init__ INFO: Starting DataFlowKernel with config
Config(
    app_cache=True, 
    checkpoint_files=None, 
    checkpoint_mode=None, 
    checkpoint_period=None, 
    executors=(ThreadPoolExecutor(
        label='threads', 
        max_threads=2, 
        storage_access=None, 
        thread_name_prefix='', 
        working_dir=None
    ),), 
    garbage_collect=True, 
    initialize_logging=True, 
    internal_tasks_max_threads=10, 
    max_idletime=120.0, 
    monitoring=None, 
    retries=0, 
    retry_handler=None, 
    run_dir='runinfo', 
    strategy='simple', 
    usage_tracking=False
)
1706278957.615213 2024-01-26 11:22:37 MainProcess-8655 MainThread-139984588752704 parsl.dataflow.dflow:93 __init__ INFO: Parsl version: 2024.01.22
1706278957.615333 2024-01-26 11:22:37 MainProcess-8655 MainThread-139984588752704 parsl.usage_tracking.usage:127 __init__ DEBUG: Tracking status: False
1706278957.615444 2024-01-26 11:22:37 MainProcess-8655 MainThread-139984588752704 parsl.dataflow.dflow:121 __init__ INFO: Run id is: c957e021-845f-4bee-ae47-740d3e4b0c62
1706278957.651599 2024-01-26 11:22:37 MainProcess-8655 MainThread-139984588752704 parsl.dataflow.dflow:128 __init__ DEBUG: Considering candidate for workflow name: /home/brenddon/.local/lib/python3.12/site-packages/parsl/dataflow/dflow.py
1706278957.651695 2024-01-26 11:22:37 MainProcess-8655 MainThread-139984588752704 parsl.dataflow.dflow:128 __init__ DEBUG: Considering candidate for workflow name: /home/brenddon/.local/lib/python3.12/site-packages/typeguard/__init__.py
1706278957.651769 2024-01-26 11:22:37 MainProcess-8655 MainThread-139984588752704 parsl.dataflow.dflow:128 __init__ DEBUG: Considering candidate for workflow name: /home/brenddon/.local/lib/python3.12/site-packages/parsl/dataflow/dflow.py
1706278957.651816 2024-01-26 11:22:37 MainProcess-8655 MainThread-139984588752704 parsl.dataflow.dflow:128 __init__ DEBUG: Considering candidate for workflow name: /home/brenddon/.local/lib/python3.12/site-packages/typeguard/__init__.py
1706278957.651855 2024-01-26 11:22:37 MainProcess-8655 MainThread-139984588752704 parsl.dataflow.dflow:128 __init__ DEBUG: Considering candidate for workflow name: /home/brenddon/Documents/lncc/programaDeVerao2024/parte2/workflowsPythonParsl/conteudo/10-PI/05_monte_carlo_pi.py
1706278957.651901 2024-01-26 11:22:37 MainProcess-8655 MainThread-139984588752704 parsl.dataflow.dflow:134 __init__ DEBUG: Using 05_monte_carlo_pi.py as workflow name
1706278957.652064 2024-01-26 11:22:37 MainProcess-8655 MainThread-139984588752704 parsl.dataflow.memoization:163 __init__ INFO: App caching initialized
1706278957.652130 2024-01-26 11:22:37 MainProcess-8655 MainThread-139984588752704 parsl.jobs.strategy:143 __init__ DEBUG: Scaling strategy: simple
1706278957.655801 2024-01-26 11:22:37 MainProcess-8655 MainThread-139984588752704 parsl.dataflow.dflow:949 submit DEBUG: Task 0 will be sent to executor threads
1706278957.655926 2024-01-26 11:22:37 MainProcess-8655 MainThread-139984588752704 parsl.dataflow.dflow:764 _add_output_deps DEBUG: Adding output dependencies
1706278957.655990 2024-01-26 11:22:37 MainProcess-8655 MainThread-139984588752704 parsl.dataflow.dflow:1031 submit INFO: Task 0 submitted for App pi, not waiting on any dependency
1706278957.656060 2024-01-26 11:22:37 MainProcess-8655 MainThread-139984588752704 parsl.dataflow.dflow:1037 submit DEBUG: Task 0 set to pending state with AppFuture: <AppFuture at 0x7f50b15d94c0 state=pending>
1706278957.656126 2024-01-26 11:22:37 MainProcess-8655 MainThread-139984588752704 parsl.dataflow.memoization:222 check_memo DEBUG: Task 0 will not be memoized
1706278957.661526 2024-01-26 11:22:37 MainProcess-8655 MainThread-139984588752704 parsl.dataflow.dflow:727 launch_task INFO: Parsl task 0 try 0 launched on executor threads
1706278957.666761 2024-01-26 11:22:37 MainProcess-8655 MainThread-139984588752704 parsl.dataflow.dflow:949 submit DEBUG: Task 1 will be sent to executor threads
1706278957.672076 2024-01-26 11:22:37 MainProcess-8655 MainThread-139984588752704 parsl.dataflow.dflow:764 _add_output_deps DEBUG: Adding output dependencies
1706278957.672211 2024-01-26 11:22:37 MainProcess-8655 MainThread-139984588752704 parsl.dataflow.dflow:1031 submit INFO: Task 1 submitted for App pi, not waiting on any dependency
1706278957.672308 2024-01-26 11:22:37 MainProcess-8655 MainThread-139984588752704 parsl.dataflow.dflow:1037 submit DEBUG: Task 1 set to pending state with AppFuture: <AppFuture at 0x7f50b0a96f90 state=pending>
1706278957.672401 2024-01-26 11:22:37 MainProcess-8655 MainThread-139984588752704 parsl.dataflow.memoization:222 check_memo DEBUG: Task 1 will not be memoized
1706278957.703211 2024-01-26 11:22:37 MainProcess-8655 MainThread-139984588752704 parsl.dataflow.dflow:727 launch_task INFO: Parsl task 1 try 0 launched on executor threads
1706278957.708506 2024-01-26 11:22:37 MainProcess-8655 MainThread-139984588752704 parsl.dataflow.dflow:949 submit DEBUG: Task 2 will be sent to executor threads
1706278957.708625 2024-01-26 11:22:37 MainProcess-8655 MainThread-139984588752704 parsl.dataflow.dflow:764 _add_output_deps DEBUG: Adding output dependencies
1706278957.708703 2024-01-26 11:22:37 MainProcess-8655 MainThread-139984588752704 parsl.dataflow.dflow:1031 submit INFO: Task 2 submitted for App pi, not waiting on any dependency
1706278957.708767 2024-01-26 11:22:37 MainProcess-8655 MainThread-139984588752704 parsl.dataflow.dflow:1037 submit DEBUG: Task 2 set to pending state with AppFuture: <AppFuture at 0x7f50b0a978f0 state=pending>
1706278957.708825 2024-01-26 11:22:37 MainProcess-8655 MainThread-139984588752704 parsl.dataflow.memoization:222 check_memo DEBUG: Task 2 will not be memoized
1706278957.708899 2024-01-26 11:22:37 MainProcess-8655 MainThread-139984588752704 parsl.dataflow.dflow:727 launch_task INFO: Parsl task 2 try 0 launched on executor threads
1706278957.708965 2024-01-26 11:22:37 MainProcess-8655 MainThread-139984588752704 parsl.dataflow.dflow:949 submit DEBUG: Task 3 will be sent to executor threads
1706278957.714117 2024-01-26 11:22:37 MainProcess-8655 MainThread-139984588752704 parsl.dataflow.dflow:764 _add_output_deps DEBUG: Adding output dependencies
1706278957.719308 2024-01-26 11:22:37 MainProcess-8655 MainThread-139984588752704 parsl.dataflow.dflow:1031 submit INFO: Task 3 submitted for App my_sum, waiting on task 0, task 1, task 2
1706278957.719420 2024-01-26 11:22:37 MainProcess-8655 MainThread-139984588752704 parsl.dataflow.dflow:1037 submit DEBUG: Task 3 set to pending state with AppFuture: <AppFuture at 0x7f50b0a97aa0 state=pending>
1706278957.719494 2024-01-26 11:22:37 MainProcess-8655 MainThread-139984588752704 parsl.dataflow.dflow:614 launch_if_ready DEBUG: Task 3 has outstanding dependencies, so launch_if_ready skipping
1706278958.671508 2024-01-26 11:22:38 MainProcess-8655 JobStatusPoller-Timer-Thread-139984537233808-139984536020672 parsl.jobs.strategy:176 _general_strategy DEBUG: general strategy starting with strategy_type simple for 0 executors
1706278958.676775 2024-01-26 11:22:38 MainProcess-8655 JobStatusPoller-Timer-Thread-139984537233808-139984536020672 parsl.process_loggers:28 wrapped DEBUG: Normal ending for _general_strategy on thread JobStatusPoller-Timer-Thread-139984537233808
1706278961.531191 2024-01-26 11:22:41 MainProcess-8655 ThreadPoolExecutor-0_0-139984459790016 parsl.dataflow.dflow:551 _complete_task INFO: Task 0 completed (launched -> exec_done)
1706278961.531387 2024-01-26 11:22:41 MainProcess-8655 ThreadPoolExecutor-0_0-139984459790016 parsl.dataflow.dflow:614 launch_if_ready DEBUG: Task 3 has outstanding dependencies, so launch_if_ready skipping
1706278961.540654 2024-01-26 11:22:41 MainProcess-8655 ThreadPoolExecutor-0_1-139984451397312 parsl.dataflow.dflow:551 _complete_task INFO: Task 1 completed (launched -> exec_done)
1706278961.540790 2024-01-26 11:22:41 MainProcess-8655 ThreadPoolExecutor-0_1-139984451397312 parsl.dataflow.dflow:614 launch_if_ready DEBUG: Task 3 has outstanding dependencies, so launch_if_ready skipping
1706278963.558839 2024-01-26 11:22:43 MainProcess-8655 ThreadPoolExecutor-0_0-139984459790016 parsl.dataflow.dflow:551 _complete_task INFO: Task 2 completed (launched -> exec_done)
1706278963.558982 2024-01-26 11:22:43 MainProcess-8655 ThreadPoolExecutor-0_0-139984459790016 parsl.dataflow.memoization:222 check_memo DEBUG: Task 3 will not be memoized
1706278963.559074 2024-01-26 11:22:43 MainProcess-8655 ThreadPoolExecutor-0_0-139984459790016 parsl.dataflow.dflow:727 launch_task INFO: Parsl task 3 try 0 launched on executor threads
1706278963.559154 2024-01-26 11:22:43 MainProcess-8655 ThreadPoolExecutor-0_0-139984459790016 parsl.dataflow.dflow:551 _complete_task INFO: Task 3 completed (launched -> exec_done)
1706278963.559478 2024-01-26 11:22:43 MainProcess-8655 MainThread-139984588752704 parsl.dataflow.dflow:1145 atexit_cleanup INFO: DFK cleanup because python process is exiting
1706278963.559565 2024-01-26 11:22:43 MainProcess-8655 MainThread-139984588752704 parsl.dataflow.dflow:1182 cleanup INFO: DFK cleanup initiated
1706278963.559626 2024-01-26 11:22:43 MainProcess-8655 MainThread-139984588752704 parsl.dataflow.dflow:1075 log_task_states INFO: Summary of tasks in DFK:
1706278963.559702 2024-01-26 11:22:43 MainProcess-8655 MainThread-139984588752704 parsl.dataflow.dflow:1079 log_task_states INFO: Tasks in state States.unsched: 0
1706278963.559755 2024-01-26 11:22:43 MainProcess-8655 MainThread-139984588752704 parsl.dataflow.dflow:1079 log_task_states INFO: Tasks in state States.pending: 0
1706278963.559793 2024-01-26 11:22:43 MainProcess-8655 MainThread-139984588752704 parsl.dataflow.dflow:1079 log_task_states INFO: Tasks in state States.running: 0
1706278963.559829 2024-01-26 11:22:43 MainProcess-8655 MainThread-139984588752704 parsl.dataflow.dflow:1079 log_task_states INFO: Tasks in state States.exec_done: 4
1706278963.559863 2024-01-26 11:22:43 MainProcess-8655 MainThread-139984588752704 parsl.dataflow.dflow:1079 log_task_states INFO: Tasks in state States.failed: 0
1706278963.559897 2024-01-26 11:22:43 MainProcess-8655 MainThread-139984588752704 parsl.dataflow.dflow:1079 log_task_states INFO: Tasks in state States.dep_fail: 0
1706278963.559933 2024-01-26 11:22:43 MainProcess-8655 MainThread-139984588752704 parsl.dataflow.dflow:1079 log_task_states INFO: Tasks in state States.launched: 0
1706278963.559967 2024-01-26 11:22:43 MainProcess-8655 MainThread-139984588752704 parsl.dataflow.dflow:1079 log_task_states INFO: Tasks in state States.fail_retryable: 0
1706278963.560000 2024-01-26 11:22:43 MainProcess-8655 MainThread-139984588752704 parsl.dataflow.dflow:1079 log_task_states INFO: Tasks in state States.memo_done: 0
1706278963.560034 2024-01-26 11:22:43 MainProcess-8655 MainThread-139984588752704 parsl.dataflow.dflow:1079 log_task_states INFO: Tasks in state States.joining: 0
1706278963.560070 2024-01-26 11:22:43 MainProcess-8655 MainThread-139984588752704 parsl.dataflow.dflow:1079 log_task_states INFO: Tasks in state States.running_ended: 0
1706278963.560103 2024-01-26 11:22:43 MainProcess-8655 MainThread-139984588752704 parsl.dataflow.dflow:1081 log_task_states INFO: End of summary
1706278963.560170 2024-01-26 11:22:43 MainProcess-8655 MainThread-139984588752704 parsl.dataflow.dflow:1206 cleanup INFO: Closing job status poller
1706278963.560266 2024-01-26 11:22:43 MainProcess-8655 MainThread-139984588752704 parsl.dataflow.dflow:1208 cleanup INFO: Terminated job status poller
1706278963.560312 2024-01-26 11:22:43 MainProcess-8655 MainThread-139984588752704 parsl.dataflow.dflow:1210 cleanup INFO: Scaling in and shutting down executors
1706278963.560354 2024-01-26 11:22:43 MainProcess-8655 MainThread-139984588752704 parsl.dataflow.dflow:1228 cleanup INFO: Shutting down executor threads
1706278963.560393 2024-01-26 11:22:43 MainProcess-8655 MainThread-139984588752704 parsl.executors.threads:74 shutdown DEBUG: Shutting down executor, which involves waiting for running tasks to complete
1706278963.560434 2024-01-26 11:22:43 MainProcess-8655 MainThread-139984588752704 parsl.executors.threads:76 shutdown DEBUG: Done with executor shutdown
1706278963.560469 2024-01-26 11:22:43 MainProcess-8655 MainThread-139984588752704 parsl.dataflow.dflow:1230 cleanup INFO: Shut down executor threads
1706278963.560516 2024-01-26 11:22:43 MainProcess-8655 MainThread-139984588752704 parsl.dataflow.dflow:1228 cleanup INFO: Shutting down executor _parsl_internal
1706278963.560550 2024-01-26 11:22:43 MainProcess-8655 MainThread-139984588752704 parsl.executors.threads:74 shutdown DEBUG: Shutting down executor, which involves waiting for running tasks to complete
1706278963.560586 2024-01-26 11:22:43 MainProcess-8655 MainThread-139984588752704 parsl.executors.threads:76 shutdown DEBUG: Done with executor shutdown
1706278963.560621 2024-01-26 11:22:43 MainProcess-8655 MainThread-139984588752704 parsl.dataflow.dflow:1230 cleanup INFO: Shut down executor _parsl_internal
1706278963.560654 2024-01-26 11:22:43 MainProcess-8655 MainThread-139984588752704 parsl.dataflow.dflow:1232 cleanup INFO: Terminated executors
1706278963.560702 2024-01-26 11:22:43 MainProcess-8655 MainThread-139984588752704 parsl.dataflow.dflow:1249 cleanup INFO: DFK cleanup complete
1706278963.560738 2024-01-26 11:22:43 MainProcess-8655 MainThread-139984588752704 parsl.process_loggers:28 wrapped DEBUG: Normal ending for cleanup on thread MainThread
