1706278409.501223 2024-01-26 11:13:29 MainProcess-8319 MainThread-140099277383488 parsl.dataflow.dflow:91 __init__ INFO: Starting DataFlowKernel with config
Config(
    app_cache=True, 
    checkpoint_files=None, 
    checkpoint_mode=None, 
    checkpoint_period=None, 
    executors=(ThreadPoolExecutor(
        label='threads', 
        max_threads=2, 
        storage_access=None, 
        thread_name_prefix='', 
        working_dir=None
    ),), 
    garbage_collect=True, 
    initialize_logging=True, 
    internal_tasks_max_threads=10, 
    max_idletime=120.0, 
    monitoring=None, 
    retries=0, 
    retry_handler=None, 
    run_dir='runinfo', 
    strategy='simple', 
    usage_tracking=False
)
1706278409.501424 2024-01-26 11:13:29 MainProcess-8319 MainThread-140099277383488 parsl.dataflow.dflow:93 __init__ INFO: Parsl version: 2024.01.22
1706278409.501542 2024-01-26 11:13:29 MainProcess-8319 MainThread-140099277383488 parsl.usage_tracking.usage:127 __init__ DEBUG: Tracking status: False
1706278409.501661 2024-01-26 11:13:29 MainProcess-8319 MainThread-140099277383488 parsl.dataflow.dflow:121 __init__ INFO: Run id is: e96b5052-85e7-4290-a92a-a9fa6308c768
1706278409.544762 2024-01-26 11:13:29 MainProcess-8319 MainThread-140099277383488 parsl.dataflow.dflow:128 __init__ DEBUG: Considering candidate for workflow name: /home/brenddon/.local/lib/python3.12/site-packages/parsl/dataflow/dflow.py
1706278409.544868 2024-01-26 11:13:29 MainProcess-8319 MainThread-140099277383488 parsl.dataflow.dflow:128 __init__ DEBUG: Considering candidate for workflow name: /home/brenddon/.local/lib/python3.12/site-packages/typeguard/__init__.py
1706278409.544942 2024-01-26 11:13:29 MainProcess-8319 MainThread-140099277383488 parsl.dataflow.dflow:128 __init__ DEBUG: Considering candidate for workflow name: /home/brenddon/.local/lib/python3.12/site-packages/parsl/dataflow/dflow.py
1706278409.544988 2024-01-26 11:13:29 MainProcess-8319 MainThread-140099277383488 parsl.dataflow.dflow:128 __init__ DEBUG: Considering candidate for workflow name: /home/brenddon/.local/lib/python3.12/site-packages/typeguard/__init__.py
1706278409.545027 2024-01-26 11:13:29 MainProcess-8319 MainThread-140099277383488 parsl.dataflow.dflow:128 __init__ DEBUG: Considering candidate for workflow name: /home/brenddon/Documents/lncc/programaDeVerao2024/parte2/workflowsPythonParsl/conteudo/05-Sequential/05_sequential.py
1706278409.545065 2024-01-26 11:13:29 MainProcess-8319 MainThread-140099277383488 parsl.dataflow.dflow:134 __init__ DEBUG: Using 05_sequential.py as workflow name
1706278409.545224 2024-01-26 11:13:29 MainProcess-8319 MainThread-140099277383488 parsl.dataflow.memoization:163 __init__ INFO: App caching initialized
1706278409.545284 2024-01-26 11:13:29 MainProcess-8319 MainThread-140099277383488 parsl.jobs.strategy:143 __init__ DEBUG: Scaling strategy: simple
1706278409.548962 2024-01-26 11:13:29 MainProcess-8319 MainThread-140099277383488 parsl.dataflow.dflow:949 submit DEBUG: Task 0 will be sent to executor threads
1706278409.549082 2024-01-26 11:13:29 MainProcess-8319 MainThread-140099277383488 parsl.dataflow.dflow:764 _add_output_deps DEBUG: Adding output dependencies
1706278409.549144 2024-01-26 11:13:29 MainProcess-8319 MainThread-140099277383488 parsl.dataflow.dflow:1031 submit INFO: Task 0 submitted for App generate, not waiting on any dependency
1706278409.549210 2024-01-26 11:13:29 MainProcess-8319 MainThread-140099277383488 parsl.dataflow.dflow:1037 submit DEBUG: Task 0 set to pending state with AppFuture: <AppFuture at 0x7f6b6499e4b0 state=pending>
1706278409.549266 2024-01-26 11:13:29 MainProcess-8319 MainThread-140099277383488 parsl.dataflow.memoization:222 check_memo DEBUG: Task 0 will not be memoized
1706278409.549578 2024-01-26 11:13:29 MainProcess-8319 MainThread-140099277383488 parsl.dataflow.dflow:727 launch_task INFO: Parsl task 0 try 0 launched on executor threads
1706278409.549655 2024-01-26 11:13:29 MainProcess-8319 MainThread-140099277383488 parsl.dataflow.dflow:551 _complete_task INFO: Task 0 completed (launched -> exec_done)
1706278409.549964 2024-01-26 11:13:29 MainProcess-8319 MainThread-140099277383488 parsl.dataflow.dflow:949 submit DEBUG: Task 1 will be sent to executor threads
1706278409.550068 2024-01-26 11:13:29 MainProcess-8319 MainThread-140099277383488 parsl.dataflow.dflow:764 _add_output_deps DEBUG: Adding output dependencies
1706278409.550127 2024-01-26 11:13:29 MainProcess-8319 MainThread-140099277383488 parsl.data_provider.files:55 cleancopy DEBUG: Making clean copy of File object <File at 0x7f6b654efbf0 url=output.txt scheme=file netloc= path=output.txt filename=output.txt>
1706278409.550265 2024-01-26 11:13:29 MainProcess-8319 MainThread-140099277383488 parsl.dataflow.dflow:778 _add_output_deps DEBUG: Submitting stage out for output file <File at 0x7f6b654efbf0 url=output.txt scheme=file netloc= path=output.txt filename=output.txt>
1706278409.550606 2024-01-26 11:13:29 MainProcess-8319 MainThread-140099277383488 parsl.data_provider.data_manager:161 stage_out DEBUG: stage_out checking Staging provider NoOpFileStaging()
1706278409.550691 2024-01-26 11:13:29 MainProcess-8319 MainThread-140099277383488 parsl.data_provider.file_noop:17 can_stage_out DEBUG: NoOpFileStaging checking file <File at 0x7f6b649e7b00 url=output.txt scheme=file netloc= path=output.txt filename=output.txt>
1706278409.550741 2024-01-26 11:13:29 MainProcess-8319 MainThread-140099277383488 parsl.dataflow.dflow:784 _add_output_deps DEBUG: No stageout dependency for <File at 0x7f6b654efbf0 url=output.txt scheme=file netloc= path=output.txt filename=output.txt>
1706278409.550964 2024-01-26 11:13:29 MainProcess-8319 MainThread-140099277383488 parsl.app.futures:64 __init__ DEBUG: Creating DataFuture with parent: <AppFuture at 0x7f6b649e7aa0 state=pending> and file: <File at 0x7f6b654efbf0 url=output.txt scheme=file netloc= path=output.txt filename=output.txt>
1706278409.551245 2024-01-26 11:13:29 MainProcess-8319 MainThread-140099277383488 parsl.data_provider.data_manager:47 replace_task_stage_out DEBUG: stage_out checking Staging provider NoOpFileStaging()
1706278409.551340 2024-01-26 11:13:29 MainProcess-8319 MainThread-140099277383488 parsl.data_provider.file_noop:17 can_stage_out DEBUG: NoOpFileStaging checking file <File at 0x7f6b649e7b00 url=output.txt scheme=file netloc= path=output.txt filename=output.txt>
1706278409.551406 2024-01-26 11:13:29 MainProcess-8319 MainThread-140099277383488 parsl.dataflow.dflow:1031 submit INFO: Task 1 submitted for App save, waiting on task 0
1706278409.551465 2024-01-26 11:13:29 MainProcess-8319 MainThread-140099277383488 parsl.dataflow.dflow:1037 submit DEBUG: Task 1 set to pending state with AppFuture: <AppFuture at 0x7f6b649e7aa0 state=pending>
1706278409.551557 2024-01-26 11:13:29 MainProcess-8319 MainThread-140099277383488 parsl.dataflow.memoization:222 check_memo DEBUG: Task 1 will not be memoized
1706278409.551694 2024-01-26 11:13:29 MainProcess-8319 MainThread-140099277383488 parsl.dataflow.dflow:727 launch_task INFO: Parsl task 1 try 0 launched on executor threads
1706278409.551764 2024-01-26 11:13:29 MainProcess-8319 MainThread-140099277383488 parsl.dataflow.dflow:610 launch_if_ready DEBUG: Task 1 is not pending, so launch_if_ready skipping
1706278409.554021 2024-01-26 11:13:29 MainProcess-8319 ThreadPoolExecutor-0_0-140099215943360 parsl.dataflow.dflow:551 _complete_task INFO: Task 1 completed (launched -> exec_done)
1706278409.554397 2024-01-26 11:13:29 MainProcess-8319 MainThread-140099277383488 parsl.dataflow.dflow:1145 atexit_cleanup INFO: DFK cleanup because python process is exiting
1706278409.554496 2024-01-26 11:13:29 MainProcess-8319 MainThread-140099277383488 parsl.dataflow.dflow:1182 cleanup INFO: DFK cleanup initiated
1706278409.554557 2024-01-26 11:13:29 MainProcess-8319 MainThread-140099277383488 parsl.dataflow.dflow:1075 log_task_states INFO: Summary of tasks in DFK:
1706278409.554630 2024-01-26 11:13:29 MainProcess-8319 MainThread-140099277383488 parsl.dataflow.dflow:1079 log_task_states INFO: Tasks in state States.unsched: 0
1706278409.554699 2024-01-26 11:13:29 MainProcess-8319 MainThread-140099277383488 parsl.dataflow.dflow:1079 log_task_states INFO: Tasks in state States.pending: 0
1706278409.554759 2024-01-26 11:13:29 MainProcess-8319 MainThread-140099277383488 parsl.dataflow.dflow:1079 log_task_states INFO: Tasks in state States.running: 0
1706278409.554796 2024-01-26 11:13:29 MainProcess-8319 MainThread-140099277383488 parsl.dataflow.dflow:1079 log_task_states INFO: Tasks in state States.exec_done: 2
1706278409.554832 2024-01-26 11:13:29 MainProcess-8319 MainThread-140099277383488 parsl.dataflow.dflow:1079 log_task_states INFO: Tasks in state States.failed: 0
1706278409.554866 2024-01-26 11:13:29 MainProcess-8319 MainThread-140099277383488 parsl.dataflow.dflow:1079 log_task_states INFO: Tasks in state States.dep_fail: 0
1706278409.554899 2024-01-26 11:13:29 MainProcess-8319 MainThread-140099277383488 parsl.dataflow.dflow:1079 log_task_states INFO: Tasks in state States.launched: 0
1706278409.554932 2024-01-26 11:13:29 MainProcess-8319 MainThread-140099277383488 parsl.dataflow.dflow:1079 log_task_states INFO: Tasks in state States.fail_retryable: 0
1706278409.554965 2024-01-26 11:13:29 MainProcess-8319 MainThread-140099277383488 parsl.dataflow.dflow:1079 log_task_states INFO: Tasks in state States.memo_done: 0
1706278409.554998 2024-01-26 11:13:29 MainProcess-8319 MainThread-140099277383488 parsl.dataflow.dflow:1079 log_task_states INFO: Tasks in state States.joining: 0
1706278409.555031 2024-01-26 11:13:29 MainProcess-8319 MainThread-140099277383488 parsl.dataflow.dflow:1079 log_task_states INFO: Tasks in state States.running_ended: 0
1706278409.555064 2024-01-26 11:13:29 MainProcess-8319 MainThread-140099277383488 parsl.dataflow.dflow:1081 log_task_states INFO: End of summary
1706278409.555130 2024-01-26 11:13:29 MainProcess-8319 MainThread-140099277383488 parsl.dataflow.dflow:1206 cleanup INFO: Closing job status poller
1706278409.555229 2024-01-26 11:13:29 MainProcess-8319 MainThread-140099277383488 parsl.dataflow.dflow:1208 cleanup INFO: Terminated job status poller
1706278409.555292 2024-01-26 11:13:29 MainProcess-8319 MainThread-140099277383488 parsl.dataflow.dflow:1210 cleanup INFO: Scaling in and shutting down executors
1706278409.555356 2024-01-26 11:13:29 MainProcess-8319 MainThread-140099277383488 parsl.dataflow.dflow:1228 cleanup INFO: Shutting down executor threads
1706278409.555420 2024-01-26 11:13:29 MainProcess-8319 MainThread-140099277383488 parsl.executors.threads:74 shutdown DEBUG: Shutting down executor, which involves waiting for running tasks to complete
1706278409.555483 2024-01-26 11:13:29 MainProcess-8319 MainThread-140099277383488 parsl.executors.threads:76 shutdown DEBUG: Done with executor shutdown
1706278409.555540 2024-01-26 11:13:29 MainProcess-8319 MainThread-140099277383488 parsl.dataflow.dflow:1230 cleanup INFO: Shut down executor threads
1706278409.555599 2024-01-26 11:13:29 MainProcess-8319 MainThread-140099277383488 parsl.dataflow.dflow:1228 cleanup INFO: Shutting down executor _parsl_internal
1706278409.555656 2024-01-26 11:13:29 MainProcess-8319 MainThread-140099277383488 parsl.executors.threads:74 shutdown DEBUG: Shutting down executor, which involves waiting for running tasks to complete
1706278409.555718 2024-01-26 11:13:29 MainProcess-8319 MainThread-140099277383488 parsl.executors.threads:76 shutdown DEBUG: Done with executor shutdown
1706278409.555756 2024-01-26 11:13:29 MainProcess-8319 MainThread-140099277383488 parsl.dataflow.dflow:1230 cleanup INFO: Shut down executor _parsl_internal
1706278409.555790 2024-01-26 11:13:29 MainProcess-8319 MainThread-140099277383488 parsl.dataflow.dflow:1232 cleanup INFO: Terminated executors
1706278409.555828 2024-01-26 11:13:29 MainProcess-8319 MainThread-140099277383488 parsl.dataflow.dflow:1249 cleanup INFO: DFK cleanup complete
1706278409.555865 2024-01-26 11:13:29 MainProcess-8319 MainThread-140099277383488 parsl.process_loggers:28 wrapped DEBUG: Normal ending for cleanup on thread MainThread
