1706280475.130607 2024-01-26 11:47:55 MainProcess-9605 MainThread-140395414705984 parsl.dataflow.dflow:91 __init__ INFO: Starting DataFlowKernel with config
Config(
    app_cache=True, 
    checkpoint_files=None, 
    checkpoint_mode=None, 
    checkpoint_period=None, 
    executors=(ThreadPoolExecutor(
        label='threads', 
        max_threads=2, 
        storage_access=None, 
        thread_name_prefix='', 
        working_dir=None
    ),), 
    garbage_collect=True, 
    initialize_logging=True, 
    internal_tasks_max_threads=10, 
    max_idletime=120.0, 
    monitoring=None, 
    retries=0, 
    retry_handler=None, 
    run_dir='runinfo', 
    strategy='simple', 
    usage_tracking=False
)
1706280475.130849 2024-01-26 11:47:55 MainProcess-9605 MainThread-140395414705984 parsl.dataflow.dflow:93 __init__ INFO: Parsl version: 2024.01.22
1706280475.130974 2024-01-26 11:47:55 MainProcess-9605 MainThread-140395414705984 parsl.usage_tracking.usage:127 __init__ DEBUG: Tracking status: False
1706280475.131087 2024-01-26 11:47:55 MainProcess-9605 MainThread-140395414705984 parsl.dataflow.dflow:121 __init__ INFO: Run id is: a29c6d12-3614-4547-b1fc-bb440bb9d36a
1706280475.172810 2024-01-26 11:47:55 MainProcess-9605 MainThread-140395414705984 parsl.dataflow.dflow:128 __init__ DEBUG: Considering candidate for workflow name: /home/brenddon/.local/lib/python3.12/site-packages/parsl/dataflow/dflow.py
1706280475.172922 2024-01-26 11:47:55 MainProcess-9605 MainThread-140395414705984 parsl.dataflow.dflow:128 __init__ DEBUG: Considering candidate for workflow name: /home/brenddon/.local/lib/python3.12/site-packages/typeguard/__init__.py
1706280475.172993 2024-01-26 11:47:55 MainProcess-9605 MainThread-140395414705984 parsl.dataflow.dflow:128 __init__ DEBUG: Considering candidate for workflow name: /home/brenddon/.local/lib/python3.12/site-packages/parsl/dataflow/dflow.py
1706280475.173058 2024-01-26 11:47:55 MainProcess-9605 MainThread-140395414705984 parsl.dataflow.dflow:128 __init__ DEBUG: Considering candidate for workflow name: /home/brenddon/.local/lib/python3.12/site-packages/typeguard/__init__.py
1706280475.173110 2024-01-26 11:47:55 MainProcess-9605 MainThread-140395414705984 parsl.dataflow.dflow:128 __init__ DEBUG: Considering candidate for workflow name: /home/brenddon/Documents/lncc/programaDeVerao2024/parte2/workflowsPythonParsl/conteudo/10-PI/05_monte_carlo_pi.py
1706280475.173154 2024-01-26 11:47:55 MainProcess-9605 MainThread-140395414705984 parsl.dataflow.dflow:134 __init__ DEBUG: Using 05_monte_carlo_pi.py as workflow name
1706280475.173321 2024-01-26 11:47:55 MainProcess-9605 MainThread-140395414705984 parsl.dataflow.memoization:163 __init__ INFO: App caching initialized
1706280475.173383 2024-01-26 11:47:55 MainProcess-9605 MainThread-140395414705984 parsl.jobs.strategy:143 __init__ DEBUG: Scaling strategy: simple
1706280475.176830 2024-01-26 11:47:55 MainProcess-9605 MainThread-140395414705984 parsl.dataflow.dflow:949 submit DEBUG: Task 0 will be sent to executor threads
1706280475.176980 2024-01-26 11:47:55 MainProcess-9605 MainThread-140395414705984 parsl.dataflow.dflow:764 _add_output_deps DEBUG: Adding output dependencies
1706280475.177057 2024-01-26 11:47:55 MainProcess-9605 MainThread-140395414705984 parsl.dataflow.dflow:1031 submit INFO: Task 0 submitted for App pi, not waiting on any dependency
1706280475.177128 2024-01-26 11:47:55 MainProcess-9605 MainThread-140395414705984 parsl.dataflow.dflow:1037 submit DEBUG: Task 0 set to pending state with AppFuture: <AppFuture at 0x7fb05892d580 state=pending>
1706280475.177189 2024-01-26 11:47:55 MainProcess-9605 MainThread-140395414705984 parsl.dataflow.memoization:222 check_memo DEBUG: Task 0 will not be memoized
1706280475.182568 2024-01-26 11:47:55 MainProcess-9605 MainThread-140395414705984 parsl.dataflow.dflow:727 launch_task INFO: Parsl task 0 try 0 launched on executor threads
1706280475.187802 2024-01-26 11:47:55 MainProcess-9605 MainThread-140395414705984 parsl.dataflow.dflow:949 submit DEBUG: Task 1 will be sent to executor threads
1706280475.187929 2024-01-26 11:47:55 MainProcess-9605 MainThread-140395414705984 parsl.dataflow.dflow:764 _add_output_deps DEBUG: Adding output dependencies
1706280475.188006 2024-01-26 11:47:55 MainProcess-9605 MainThread-140395414705984 parsl.dataflow.dflow:1031 submit INFO: Task 1 submitted for App pi, not waiting on any dependency
1706280475.188071 2024-01-26 11:47:55 MainProcess-9605 MainThread-140395414705984 parsl.dataflow.dflow:1037 submit DEBUG: Task 1 set to pending state with AppFuture: <AppFuture at 0x7fb057cdb3b0 state=pending>
1706280475.188127 2024-01-26 11:47:55 MainProcess-9605 MainThread-140395414705984 parsl.dataflow.memoization:222 check_memo DEBUG: Task 1 will not be memoized
1706280475.213753 2024-01-26 11:47:55 MainProcess-9605 MainThread-140395414705984 parsl.dataflow.dflow:727 launch_task INFO: Parsl task 1 try 0 launched on executor threads
1706280475.219041 2024-01-26 11:47:55 MainProcess-9605 MainThread-140395414705984 parsl.dataflow.dflow:949 submit DEBUG: Task 2 will be sent to executor threads
1706280475.224283 2024-01-26 11:47:55 MainProcess-9605 MainThread-140395414705984 parsl.dataflow.dflow:764 _add_output_deps DEBUG: Adding output dependencies
1706280475.224382 2024-01-26 11:47:55 MainProcess-9605 MainThread-140395414705984 parsl.dataflow.dflow:1031 submit INFO: Task 2 submitted for App pi, not waiting on any dependency
1706280475.224459 2024-01-26 11:47:55 MainProcess-9605 MainThread-140395414705984 parsl.dataflow.dflow:1037 submit DEBUG: Task 2 set to pending state with AppFuture: <AppFuture at 0x7fb057cdbdd0 state=pending>
1706280475.224513 2024-01-26 11:47:55 MainProcess-9605 MainThread-140395414705984 parsl.dataflow.memoization:222 check_memo DEBUG: Task 2 will not be memoized
1706280475.224610 2024-01-26 11:47:55 MainProcess-9605 MainThread-140395414705984 parsl.dataflow.dflow:727 launch_task INFO: Parsl task 2 try 0 launched on executor threads
1706280475.229748 2024-01-26 11:47:55 MainProcess-9605 MainThread-140395414705984 parsl.dataflow.dflow:949 submit DEBUG: Task 3 will be sent to executor threads
1706280475.234931 2024-01-26 11:47:55 MainProcess-9605 MainThread-140395414705984 parsl.dataflow.dflow:764 _add_output_deps DEBUG: Adding output dependencies
1706280475.235028 2024-01-26 11:47:55 MainProcess-9605 MainThread-140395414705984 parsl.dataflow.dflow:1031 submit INFO: Task 3 submitted for App my_sum, waiting on task 0, task 1, task 2
1706280475.235092 2024-01-26 11:47:55 MainProcess-9605 MainThread-140395414705984 parsl.dataflow.dflow:1037 submit DEBUG: Task 3 set to pending state with AppFuture: <AppFuture at 0x7fb057cdbf80 state=pending>
1706280475.240305 2024-01-26 11:47:55 MainProcess-9605 MainThread-140395414705984 parsl.dataflow.dflow:614 launch_if_ready DEBUG: Task 3 has outstanding dependencies, so launch_if_ready skipping
1706280476.185784 2024-01-26 11:47:56 MainProcess-9605 JobStatusPoller-Timer-Thread-140395376220960-140395362121408 parsl.jobs.strategy:176 _general_strategy DEBUG: general strategy starting with strategy_type simple for 0 executors
1706280476.185897 2024-01-26 11:47:56 MainProcess-9605 JobStatusPoller-Timer-Thread-140395376220960-140395362121408 parsl.process_loggers:28 wrapped DEBUG: Normal ending for _general_strategy on thread JobStatusPoller-Timer-Thread-140395376220960
1706280479.015689 2024-01-26 11:47:59 MainProcess-9605 ThreadPoolExecutor-0_1-140395345336000 parsl.dataflow.dflow:551 _complete_task INFO: Task 1 completed (launched -> exec_done)
1706280479.020932 2024-01-26 11:47:59 MainProcess-9605 ThreadPoolExecutor-0_1-140395345336000 parsl.dataflow.dflow:614 launch_if_ready DEBUG: Task 3 has outstanding dependencies, so launch_if_ready skipping
1706280479.082613 2024-01-26 11:47:59 MainProcess-9605 ThreadPoolExecutor-0_0-140395353728704 parsl.dataflow.dflow:551 _complete_task INFO: Task 0 completed (launched -> exec_done)
1706280479.087836 2024-01-26 11:47:59 MainProcess-9605 ThreadPoolExecutor-0_0-140395353728704 parsl.dataflow.dflow:614 launch_if_ready DEBUG: Task 3 has outstanding dependencies, so launch_if_ready skipping
1706280481.012807 2024-01-26 11:48:01 MainProcess-9605 ThreadPoolExecutor-0_1-140395345336000 parsl.dataflow.dflow:551 _complete_task INFO: Task 2 completed (launched -> exec_done)
1706280481.012949 2024-01-26 11:48:01 MainProcess-9605 ThreadPoolExecutor-0_1-140395345336000 parsl.dataflow.memoization:222 check_memo DEBUG: Task 3 will not be memoized
1706280481.013047 2024-01-26 11:48:01 MainProcess-9605 ThreadPoolExecutor-0_1-140395345336000 parsl.dataflow.dflow:727 launch_task INFO: Parsl task 3 try 0 launched on executor threads
1706280481.013131 2024-01-26 11:48:01 MainProcess-9605 ThreadPoolExecutor-0_1-140395345336000 parsl.dataflow.dflow:551 _complete_task INFO: Task 3 completed (launched -> exec_done)
1706280481.013489 2024-01-26 11:48:01 MainProcess-9605 MainThread-140395414705984 parsl.dataflow.dflow:1145 atexit_cleanup INFO: DFK cleanup because python process is exiting
1706280481.013562 2024-01-26 11:48:01 MainProcess-9605 MainThread-140395414705984 parsl.dataflow.dflow:1182 cleanup INFO: DFK cleanup initiated
1706280481.013605 2024-01-26 11:48:01 MainProcess-9605 MainThread-140395414705984 parsl.dataflow.dflow:1075 log_task_states INFO: Summary of tasks in DFK:
1706280481.013652 2024-01-26 11:48:01 MainProcess-9605 MainThread-140395414705984 parsl.dataflow.dflow:1079 log_task_states INFO: Tasks in state States.unsched: 0
1706280481.013723 2024-01-26 11:48:01 MainProcess-9605 MainThread-140395414705984 parsl.dataflow.dflow:1079 log_task_states INFO: Tasks in state States.pending: 0
1706280481.013783 2024-01-26 11:48:01 MainProcess-9605 MainThread-140395414705984 parsl.dataflow.dflow:1079 log_task_states INFO: Tasks in state States.running: 0
1706280481.013845 2024-01-26 11:48:01 MainProcess-9605 MainThread-140395414705984 parsl.dataflow.dflow:1079 log_task_states INFO: Tasks in state States.exec_done: 4
1706280481.013887 2024-01-26 11:48:01 MainProcess-9605 MainThread-140395414705984 parsl.dataflow.dflow:1079 log_task_states INFO: Tasks in state States.failed: 0
1706280481.013922 2024-01-26 11:48:01 MainProcess-9605 MainThread-140395414705984 parsl.dataflow.dflow:1079 log_task_states INFO: Tasks in state States.dep_fail: 0
1706280481.013964 2024-01-26 11:48:01 MainProcess-9605 MainThread-140395414705984 parsl.dataflow.dflow:1079 log_task_states INFO: Tasks in state States.launched: 0
1706280481.013999 2024-01-26 11:48:01 MainProcess-9605 MainThread-140395414705984 parsl.dataflow.dflow:1079 log_task_states INFO: Tasks in state States.fail_retryable: 0
1706280481.014033 2024-01-26 11:48:01 MainProcess-9605 MainThread-140395414705984 parsl.dataflow.dflow:1079 log_task_states INFO: Tasks in state States.memo_done: 0
1706280481.014067 2024-01-26 11:48:01 MainProcess-9605 MainThread-140395414705984 parsl.dataflow.dflow:1079 log_task_states INFO: Tasks in state States.joining: 0
1706280481.014102 2024-01-26 11:48:01 MainProcess-9605 MainThread-140395414705984 parsl.dataflow.dflow:1079 log_task_states INFO: Tasks in state States.running_ended: 0
1706280481.014160 2024-01-26 11:48:01 MainProcess-9605 MainThread-140395414705984 parsl.dataflow.dflow:1081 log_task_states INFO: End of summary
1706280481.014232 2024-01-26 11:48:01 MainProcess-9605 MainThread-140395414705984 parsl.dataflow.dflow:1206 cleanup INFO: Closing job status poller
1706280481.014336 2024-01-26 11:48:01 MainProcess-9605 MainThread-140395414705984 parsl.dataflow.dflow:1208 cleanup INFO: Terminated job status poller
1706280481.014385 2024-01-26 11:48:01 MainProcess-9605 MainThread-140395414705984 parsl.dataflow.dflow:1210 cleanup INFO: Scaling in and shutting down executors
1706280481.014426 2024-01-26 11:48:01 MainProcess-9605 MainThread-140395414705984 parsl.dataflow.dflow:1228 cleanup INFO: Shutting down executor threads
1706280481.014465 2024-01-26 11:48:01 MainProcess-9605 MainThread-140395414705984 parsl.executors.threads:74 shutdown DEBUG: Shutting down executor, which involves waiting for running tasks to complete
1706280481.014505 2024-01-26 11:48:01 MainProcess-9605 MainThread-140395414705984 parsl.executors.threads:76 shutdown DEBUG: Done with executor shutdown
1706280481.014539 2024-01-26 11:48:01 MainProcess-9605 MainThread-140395414705984 parsl.dataflow.dflow:1230 cleanup INFO: Shut down executor threads
1706280481.014585 2024-01-26 11:48:01 MainProcess-9605 MainThread-140395414705984 parsl.dataflow.dflow:1228 cleanup INFO: Shutting down executor _parsl_internal
1706280481.014619 2024-01-26 11:48:01 MainProcess-9605 MainThread-140395414705984 parsl.executors.threads:74 shutdown DEBUG: Shutting down executor, which involves waiting for running tasks to complete
1706280481.014654 2024-01-26 11:48:01 MainProcess-9605 MainThread-140395414705984 parsl.executors.threads:76 shutdown DEBUG: Done with executor shutdown
1706280481.014701 2024-01-26 11:48:01 MainProcess-9605 MainThread-140395414705984 parsl.dataflow.dflow:1230 cleanup INFO: Shut down executor _parsl_internal
1706280481.014735 2024-01-26 11:48:01 MainProcess-9605 MainThread-140395414705984 parsl.dataflow.dflow:1232 cleanup INFO: Terminated executors
1706280481.014772 2024-01-26 11:48:01 MainProcess-9605 MainThread-140395414705984 parsl.dataflow.dflow:1249 cleanup INFO: DFK cleanup complete
1706280481.014806 2024-01-26 11:48:01 MainProcess-9605 MainThread-140395414705984 parsl.process_loggers:28 wrapped DEBUG: Normal ending for cleanup on thread MainThread
