1706279159.841579 2024-01-26 11:25:59 MainProcess-8767 MainThread-139869020776256 parsl.dataflow.dflow:91 __init__ INFO: Starting DataFlowKernel with config
Config(
    app_cache=True, 
    checkpoint_files=None, 
    checkpoint_mode=None, 
    checkpoint_period=None, 
    executors=(ThreadPoolExecutor(
        label='threads', 
        max_threads=2, 
        storage_access=None, 
        thread_name_prefix='', 
        working_dir=None
    ),), 
    garbage_collect=True, 
    initialize_logging=True, 
    internal_tasks_max_threads=10, 
    max_idletime=120.0, 
    monitoring=None, 
    retries=0, 
    retry_handler=None, 
    run_dir='result2', 
    strategy='simple', 
    usage_tracking=False
)
1706279159.841936 2024-01-26 11:25:59 MainProcess-8767 MainThread-139869020776256 parsl.dataflow.dflow:93 __init__ INFO: Parsl version: 2024.01.22
1706279159.842111 2024-01-26 11:25:59 MainProcess-8767 MainThread-139869020776256 parsl.usage_tracking.usage:127 __init__ DEBUG: Tracking status: False
1706279159.842273 2024-01-26 11:25:59 MainProcess-8767 MainThread-139869020776256 parsl.dataflow.dflow:121 __init__ INFO: Run id is: 7c03b35b-a9fb-489e-a712-bbaf922204d9
1706279159.880865 2024-01-26 11:25:59 MainProcess-8767 MainThread-139869020776256 parsl.dataflow.dflow:128 __init__ DEBUG: Considering candidate for workflow name: /home/brenddon/.local/lib/python3.12/site-packages/parsl/dataflow/dflow.py
1706279159.880952 2024-01-26 11:25:59 MainProcess-8767 MainThread-139869020776256 parsl.dataflow.dflow:128 __init__ DEBUG: Considering candidate for workflow name: /home/brenddon/.local/lib/python3.12/site-packages/typeguard/__init__.py
1706279159.881000 2024-01-26 11:25:59 MainProcess-8767 MainThread-139869020776256 parsl.dataflow.dflow:128 __init__ DEBUG: Considering candidate for workflow name: /home/brenddon/.local/lib/python3.12/site-packages/parsl/dataflow/dflow.py
1706279159.881039 2024-01-26 11:25:59 MainProcess-8767 MainThread-139869020776256 parsl.dataflow.dflow:128 __init__ DEBUG: Considering candidate for workflow name: /home/brenddon/.local/lib/python3.12/site-packages/typeguard/__init__.py
1706279159.881076 2024-01-26 11:25:59 MainProcess-8767 MainThread-139869020776256 parsl.dataflow.dflow:128 __init__ DEBUG: Considering candidate for workflow name: /home/brenddon/Documents/lncc/programaDeVerao2024/parte2/workflowsPythonParsl/conteudo/11-Hierarchical/app/05_monte_carlo_pi.py
1706279159.881113 2024-01-26 11:25:59 MainProcess-8767 MainThread-139869020776256 parsl.dataflow.dflow:134 __init__ DEBUG: Using 05_monte_carlo_pi.py as workflow name
1706279159.881276 2024-01-26 11:25:59 MainProcess-8767 MainThread-139869020776256 parsl.dataflow.memoization:163 __init__ INFO: App caching initialized
1706279159.881338 2024-01-26 11:25:59 MainProcess-8767 MainThread-139869020776256 parsl.jobs.strategy:143 __init__ DEBUG: Scaling strategy: simple
1706279159.884271 2024-01-26 11:25:59 MainProcess-8767 MainThread-139869020776256 parsl.dataflow.dflow:949 submit DEBUG: Task 0 will be sent to executor threads
1706279159.884389 2024-01-26 11:25:59 MainProcess-8767 MainThread-139869020776256 parsl.dataflow.dflow:764 _add_output_deps DEBUG: Adding output dependencies
1706279159.884449 2024-01-26 11:25:59 MainProcess-8767 MainThread-139869020776256 parsl.dataflow.dflow:1031 submit INFO: Task 0 submitted for App pi, not waiting on any dependency
1706279159.884517 2024-01-26 11:25:59 MainProcess-8767 MainThread-139869020776256 parsl.dataflow.dflow:1037 submit DEBUG: Task 0 set to pending state with AppFuture: <AppFuture at 0x7f35c887ed80 state=pending>
1706279159.884572 2024-01-26 11:25:59 MainProcess-8767 MainThread-139869020776256 parsl.dataflow.memoization:222 check_memo DEBUG: Task 0 will not be memoized
1706279159.889918 2024-01-26 11:25:59 MainProcess-8767 MainThread-139869020776256 parsl.dataflow.dflow:727 launch_task INFO: Parsl task 0 try 0 launched on executor threads
1706279159.895125 2024-01-26 11:25:59 MainProcess-8767 MainThread-139869020776256 parsl.dataflow.dflow:949 submit DEBUG: Task 1 will be sent to executor threads
1706279159.900338 2024-01-26 11:25:59 MainProcess-8767 MainThread-139869020776256 parsl.dataflow.dflow:764 _add_output_deps DEBUG: Adding output dependencies
1706279159.905519 2024-01-26 11:25:59 MainProcess-8767 MainThread-139869020776256 parsl.dataflow.dflow:1031 submit INFO: Task 1 submitted for App pi, not waiting on any dependency
1706279159.910723 2024-01-26 11:25:59 MainProcess-8767 MainThread-139869020776256 parsl.dataflow.dflow:1037 submit DEBUG: Task 1 set to pending state with AppFuture: <AppFuture at 0x7f35c844fc20 state=pending>
1706279159.916326 2024-01-26 11:25:59 MainProcess-8767 MainThread-139869020776256 parsl.dataflow.memoization:222 check_memo DEBUG: Task 1 will not be memoized
1706279159.937106 2024-01-26 11:25:59 MainProcess-8767 MainThread-139869020776256 parsl.dataflow.dflow:727 launch_task INFO: Parsl task 1 try 0 launched on executor threads
1706279159.937293 2024-01-26 11:25:59 MainProcess-8767 MainThread-139869020776256 parsl.dataflow.dflow:949 submit DEBUG: Task 2 will be sent to executor threads
1706279160.064702 2024-01-26 11:26:00 MainProcess-8767 MainThread-139869020776256 parsl.dataflow.dflow:764 _add_output_deps DEBUG: Adding output dependencies
1706279160.069929 2024-01-26 11:26:00 MainProcess-8767 MainThread-139869020776256 parsl.dataflow.dflow:1031 submit INFO: Task 2 submitted for App pi, not waiting on any dependency
1706279160.075160 2024-01-26 11:26:00 MainProcess-8767 MainThread-139869020776256 parsl.dataflow.dflow:1037 submit DEBUG: Task 2 set to pending state with AppFuture: <AppFuture at 0x7f35c844ff20 state=pending>
1706279160.080422 2024-01-26 11:26:00 MainProcess-8767 MainThread-139869020776256 parsl.dataflow.memoization:222 check_memo DEBUG: Task 2 will not be memoized
1706279160.085758 2024-01-26 11:26:00 MainProcess-8767 MainThread-139869020776256 parsl.dataflow.dflow:727 launch_task INFO: Parsl task 2 try 0 launched on executor threads
1706279160.091036 2024-01-26 11:26:00 MainProcess-8767 MainThread-139869020776256 parsl.dataflow.dflow:949 submit DEBUG: Task 3 will be sent to executor threads
1706279160.091210 2024-01-26 11:26:00 MainProcess-8767 MainThread-139869020776256 parsl.dataflow.dflow:764 _add_output_deps DEBUG: Adding output dependencies
1706279160.091311 2024-01-26 11:26:00 MainProcess-8767 MainThread-139869020776256 parsl.dataflow.dflow:1031 submit INFO: Task 3 submitted for App my_sum, waiting on task 0, task 1, task 2
1706279160.091401 2024-01-26 11:26:00 MainProcess-8767 MainThread-139869020776256 parsl.dataflow.dflow:1037 submit DEBUG: Task 3 set to pending state with AppFuture: <AppFuture at 0x7f35c82c8110 state=pending>
1706279160.091492 2024-01-26 11:26:00 MainProcess-8767 MainThread-139869020776256 parsl.dataflow.dflow:614 launch_if_ready DEBUG: Task 3 has outstanding dependencies, so launch_if_ready skipping
1706279160.951131 2024-01-26 11:26:00 MainProcess-8767 JobStatusPoller-Timer-Thread-139868971130928-139868967990976 parsl.jobs.strategy:176 _general_strategy DEBUG: general strategy starting with strategy_type simple for 0 executors
1706279160.956381 2024-01-26 11:26:00 MainProcess-8767 JobStatusPoller-Timer-Thread-139868971130928-139868967990976 parsl.process_loggers:28 wrapped DEBUG: Normal ending for _general_strategy on thread JobStatusPoller-Timer-Thread-139868971130928
1706279164.654314 2024-01-26 11:26:04 MainProcess-8767 ThreadPoolExecutor-0_0-139868959598272 parsl.dataflow.dflow:551 _complete_task INFO: Task 0 completed (launched -> exec_done)
1706279164.659542 2024-01-26 11:26:04 MainProcess-8767 ThreadPoolExecutor-0_0-139868959598272 parsl.dataflow.dflow:614 launch_if_ready DEBUG: Task 3 has outstanding dependencies, so launch_if_ready skipping
1706279164.745452 2024-01-26 11:26:04 MainProcess-8767 ThreadPoolExecutor-0_1-139868951205568 parsl.dataflow.dflow:551 _complete_task INFO: Task 1 completed (launched -> exec_done)
1706279164.750678 2024-01-26 11:26:04 MainProcess-8767 ThreadPoolExecutor-0_1-139868951205568 parsl.dataflow.dflow:614 launch_if_ready DEBUG: Task 3 has outstanding dependencies, so launch_if_ready skipping
1706279165.956291 2024-01-26 11:26:05 MainProcess-8767 JobStatusPoller-Timer-Thread-139868971130928-139868967990976 parsl.jobs.strategy:176 _general_strategy DEBUG: general strategy starting with strategy_type simple for 0 executors
1706279165.961601 2024-01-26 11:26:05 MainProcess-8767 JobStatusPoller-Timer-Thread-139868971130928-139868967990976 parsl.process_loggers:28 wrapped DEBUG: Normal ending for _general_strategy on thread JobStatusPoller-Timer-Thread-139868971130928
1706279166.860370 2024-01-26 11:26:06 MainProcess-8767 ThreadPoolExecutor-0_0-139868959598272 parsl.dataflow.dflow:551 _complete_task INFO: Task 2 completed (launched -> exec_done)
1706279166.860509 2024-01-26 11:26:06 MainProcess-8767 ThreadPoolExecutor-0_0-139868959598272 parsl.dataflow.memoization:222 check_memo DEBUG: Task 3 will not be memoized
1706279166.860597 2024-01-26 11:26:06 MainProcess-8767 ThreadPoolExecutor-0_0-139868959598272 parsl.dataflow.dflow:727 launch_task INFO: Parsl task 3 try 0 launched on executor threads
1706279166.860668 2024-01-26 11:26:06 MainProcess-8767 ThreadPoolExecutor-0_0-139868959598272 parsl.dataflow.dflow:551 _complete_task INFO: Task 3 completed (launched -> exec_done)
1706279166.861151 2024-01-26 11:26:06 MainProcess-8767 MainThread-139869020776256 parsl.dataflow.dflow:1145 atexit_cleanup INFO: DFK cleanup because python process is exiting
1706279166.861254 2024-01-26 11:26:06 MainProcess-8767 MainThread-139869020776256 parsl.dataflow.dflow:1182 cleanup INFO: DFK cleanup initiated
1706279166.861320 2024-01-26 11:26:06 MainProcess-8767 MainThread-139869020776256 parsl.dataflow.dflow:1075 log_task_states INFO: Summary of tasks in DFK:
1706279166.861396 2024-01-26 11:26:06 MainProcess-8767 MainThread-139869020776256 parsl.dataflow.dflow:1079 log_task_states INFO: Tasks in state States.unsched: 0
1706279166.861464 2024-01-26 11:26:06 MainProcess-8767 MainThread-139869020776256 parsl.dataflow.dflow:1079 log_task_states INFO: Tasks in state States.pending: 0
1706279166.861526 2024-01-26 11:26:06 MainProcess-8767 MainThread-139869020776256 parsl.dataflow.dflow:1079 log_task_states INFO: Tasks in state States.running: 0
1706279166.861587 2024-01-26 11:26:06 MainProcess-8767 MainThread-139869020776256 parsl.dataflow.dflow:1079 log_task_states INFO: Tasks in state States.exec_done: 4
1706279166.861650 2024-01-26 11:26:06 MainProcess-8767 MainThread-139869020776256 parsl.dataflow.dflow:1079 log_task_states INFO: Tasks in state States.failed: 0
1706279166.861724 2024-01-26 11:26:06 MainProcess-8767 MainThread-139869020776256 parsl.dataflow.dflow:1079 log_task_states INFO: Tasks in state States.dep_fail: 0
1706279166.861794 2024-01-26 11:26:06 MainProcess-8767 MainThread-139869020776256 parsl.dataflow.dflow:1079 log_task_states INFO: Tasks in state States.launched: 0
1706279166.861862 2024-01-26 11:26:06 MainProcess-8767 MainThread-139869020776256 parsl.dataflow.dflow:1079 log_task_states INFO: Tasks in state States.fail_retryable: 0
1706279166.861926 2024-01-26 11:26:06 MainProcess-8767 MainThread-139869020776256 parsl.dataflow.dflow:1079 log_task_states INFO: Tasks in state States.memo_done: 0
1706279166.861986 2024-01-26 11:26:06 MainProcess-8767 MainThread-139869020776256 parsl.dataflow.dflow:1079 log_task_states INFO: Tasks in state States.joining: 0
1706279166.862046 2024-01-26 11:26:06 MainProcess-8767 MainThread-139869020776256 parsl.dataflow.dflow:1079 log_task_states INFO: Tasks in state States.running_ended: 0
1706279166.862103 2024-01-26 11:26:06 MainProcess-8767 MainThread-139869020776256 parsl.dataflow.dflow:1081 log_task_states INFO: End of summary
1706279166.862211 2024-01-26 11:26:06 MainProcess-8767 MainThread-139869020776256 parsl.dataflow.dflow:1206 cleanup INFO: Closing job status poller
1706279166.862359 2024-01-26 11:26:06 MainProcess-8767 MainThread-139869020776256 parsl.dataflow.dflow:1208 cleanup INFO: Terminated job status poller
1706279166.862423 2024-01-26 11:26:06 MainProcess-8767 MainThread-139869020776256 parsl.dataflow.dflow:1210 cleanup INFO: Scaling in and shutting down executors
1706279166.862490 2024-01-26 11:26:06 MainProcess-8767 MainThread-139869020776256 parsl.dataflow.dflow:1228 cleanup INFO: Shutting down executor threads
1706279166.862571 2024-01-26 11:26:06 MainProcess-8767 MainThread-139869020776256 parsl.executors.threads:74 shutdown DEBUG: Shutting down executor, which involves waiting for running tasks to complete
1706279166.862644 2024-01-26 11:26:06 MainProcess-8767 MainThread-139869020776256 parsl.executors.threads:76 shutdown DEBUG: Done with executor shutdown
1706279166.862717 2024-01-26 11:26:06 MainProcess-8767 MainThread-139869020776256 parsl.dataflow.dflow:1230 cleanup INFO: Shut down executor threads
1706279166.862779 2024-01-26 11:26:06 MainProcess-8767 MainThread-139869020776256 parsl.dataflow.dflow:1228 cleanup INFO: Shutting down executor _parsl_internal
1706279166.862834 2024-01-26 11:26:06 MainProcess-8767 MainThread-139869020776256 parsl.executors.threads:74 shutdown DEBUG: Shutting down executor, which involves waiting for running tasks to complete
1706279166.862889 2024-01-26 11:26:06 MainProcess-8767 MainThread-139869020776256 parsl.executors.threads:76 shutdown DEBUG: Done with executor shutdown
1706279166.862942 2024-01-26 11:26:06 MainProcess-8767 MainThread-139869020776256 parsl.dataflow.dflow:1230 cleanup INFO: Shut down executor _parsl_internal
1706279166.862994 2024-01-26 11:26:06 MainProcess-8767 MainThread-139869020776256 parsl.dataflow.dflow:1232 cleanup INFO: Terminated executors
1706279166.863053 2024-01-26 11:26:06 MainProcess-8767 MainThread-139869020776256 parsl.dataflow.dflow:1249 cleanup INFO: DFK cleanup complete
1706279166.863108 2024-01-26 11:26:06 MainProcess-8767 MainThread-139869020776256 parsl.process_loggers:28 wrapped DEBUG: Normal ending for cleanup on thread MainThread
