1706278572.985075 2024-01-26 11:16:12 MainProcess-8382 MainThread-139882971215680 parsl.dataflow.dflow:91 __init__ INFO: Starting DataFlowKernel with config
Config(
    app_cache=True, 
    checkpoint_files=None, 
    checkpoint_mode=None, 
    checkpoint_period=None, 
    executors=(ThreadPoolExecutor(
        label='threads', 
        max_threads=2, 
        storage_access=None, 
        thread_name_prefix='', 
        working_dir=None
    ),), 
    garbage_collect=True, 
    initialize_logging=True, 
    internal_tasks_max_threads=10, 
    max_idletime=120.0, 
    monitoring=None, 
    retries=0, 
    retry_handler=None, 
    run_dir='runinfo', 
    strategy='simple', 
    usage_tracking=False
)
1706278572.985271 2024-01-26 11:16:12 MainProcess-8382 MainThread-139882971215680 parsl.dataflow.dflow:93 __init__ INFO: Parsl version: 2024.01.22
1706278572.985389 2024-01-26 11:16:12 MainProcess-8382 MainThread-139882971215680 parsl.usage_tracking.usage:127 __init__ DEBUG: Tracking status: False
1706278572.985499 2024-01-26 11:16:12 MainProcess-8382 MainThread-139882971215680 parsl.dataflow.dflow:121 __init__ INFO: Run id is: 700294ff-1ec3-4064-abe6-460bb0e22470
1706278573.020179 2024-01-26 11:16:13 MainProcess-8382 MainThread-139882971215680 parsl.dataflow.dflow:128 __init__ DEBUG: Considering candidate for workflow name: /home/brenddon/.local/lib/python3.12/site-packages/parsl/dataflow/dflow.py
1706278573.020279 2024-01-26 11:16:13 MainProcess-8382 MainThread-139882971215680 parsl.dataflow.dflow:128 __init__ DEBUG: Considering candidate for workflow name: /home/brenddon/.local/lib/python3.12/site-packages/typeguard/__init__.py
1706278573.020333 2024-01-26 11:16:13 MainProcess-8382 MainThread-139882971215680 parsl.dataflow.dflow:128 __init__ DEBUG: Considering candidate for workflow name: /home/brenddon/.local/lib/python3.12/site-packages/parsl/dataflow/dflow.py
1706278573.020372 2024-01-26 11:16:13 MainProcess-8382 MainThread-139882971215680 parsl.dataflow.dflow:128 __init__ DEBUG: Considering candidate for workflow name: /home/brenddon/.local/lib/python3.12/site-packages/typeguard/__init__.py
1706278573.020411 2024-01-26 11:16:13 MainProcess-8382 MainThread-139882971215680 parsl.dataflow.dflow:128 __init__ DEBUG: Considering candidate for workflow name: /home/brenddon/Documents/lncc/programaDeVerao2024/parte2/workflowsPythonParsl/conteudo/06-Parallel/06_parallel.py
1706278573.020449 2024-01-26 11:16:13 MainProcess-8382 MainThread-139882971215680 parsl.dataflow.dflow:134 __init__ DEBUG: Using 06_parallel.py as workflow name
1706278573.020696 2024-01-26 11:16:13 MainProcess-8382 MainThread-139882971215680 parsl.dataflow.memoization:163 __init__ INFO: App caching initialized
1706278573.020793 2024-01-26 11:16:13 MainProcess-8382 MainThread-139882971215680 parsl.jobs.strategy:143 __init__ DEBUG: Scaling strategy: simple
1706278573.024506 2024-01-26 11:16:13 MainProcess-8382 MainThread-139882971215680 parsl.dataflow.dflow:949 submit DEBUG: Task 0 will be sent to executor threads
1706278573.024706 2024-01-26 11:16:13 MainProcess-8382 MainThread-139882971215680 parsl.dataflow.dflow:764 _add_output_deps DEBUG: Adding output dependencies
1706278573.024804 2024-01-26 11:16:13 MainProcess-8382 MainThread-139882971215680 parsl.dataflow.dflow:1031 submit INFO: Task 0 submitted for App wait_sleep_double, not waiting on any dependency
1706278573.024895 2024-01-26 11:16:13 MainProcess-8382 MainThread-139882971215680 parsl.dataflow.dflow:1037 submit DEBUG: Task 0 set to pending state with AppFuture: <AppFuture at 0x7f3908034ce0 state=pending>
1706278573.024977 2024-01-26 11:16:13 MainProcess-8382 MainThread-139882971215680 parsl.dataflow.memoization:222 check_memo DEBUG: Task 0 will not be memoized
1706278573.025400 2024-01-26 11:16:13 MainProcess-8382 MainThread-139882971215680 parsl.dataflow.dflow:727 launch_task INFO: Parsl task 0 try 0 launched on executor threads
1706278573.025565 2024-01-26 11:16:13 MainProcess-8382 MainThread-139882971215680 parsl.dataflow.dflow:949 submit DEBUG: Task 1 will be sent to executor threads
1706278573.025766 2024-01-26 11:16:13 MainProcess-8382 MainThread-139882971215680 parsl.dataflow.dflow:764 _add_output_deps DEBUG: Adding output dependencies
1706278573.025968 2024-01-26 11:16:13 MainProcess-8382 MainThread-139882971215680 parsl.dataflow.dflow:1031 submit INFO: Task 1 submitted for App wait_sleep_double, not waiting on any dependency
1706278573.026132 2024-01-26 11:16:13 MainProcess-8382 MainThread-139882971215680 parsl.dataflow.dflow:1037 submit DEBUG: Task 1 set to pending state with AppFuture: <AppFuture at 0x7f3907ceaf60 state=pending>
1706278573.026278 2024-01-26 11:16:13 MainProcess-8382 MainThread-139882971215680 parsl.dataflow.memoization:222 check_memo DEBUG: Task 1 will not be memoized
1706278573.026712 2024-01-26 11:16:13 MainProcess-8382 MainThread-139882971215680 parsl.dataflow.dflow:727 launch_task INFO: Parsl task 1 try 0 launched on executor threads
1706278573.026890 2024-01-26 11:16:13 MainProcess-8382 MainThread-139882971215680 parsl.dataflow.dflow:949 submit DEBUG: Task 2 will be sent to executor threads
1706278573.027027 2024-01-26 11:16:13 MainProcess-8382 MainThread-139882971215680 parsl.dataflow.dflow:764 _add_output_deps DEBUG: Adding output dependencies
1706278573.027124 2024-01-26 11:16:13 MainProcess-8382 MainThread-139882971215680 parsl.dataflow.dflow:1031 submit INFO: Task 2 submitted for App wait_sleep_double, waiting on task 0, task 1
1706278573.027194 2024-01-26 11:16:13 MainProcess-8382 MainThread-139882971215680 parsl.dataflow.dflow:1037 submit DEBUG: Task 2 set to pending state with AppFuture: <AppFuture at 0x7f3907ceb770 state=pending>
1706278573.027252 2024-01-26 11:16:13 MainProcess-8382 MainThread-139882971215680 parsl.dataflow.dflow:614 launch_if_ready DEBUG: Task 2 has outstanding dependencies, so launch_if_ready skipping
1706278574.021186 2024-01-26 11:16:14 MainProcess-8382 JobStatusPoller-Timer-Thread-139882921140896-139882918835904 parsl.jobs.strategy:176 _general_strategy DEBUG: general strategy starting with strategy_type simple for 0 executors
1706278574.021559 2024-01-26 11:16:14 MainProcess-8382 JobStatusPoller-Timer-Thread-139882921140896-139882918835904 parsl.process_loggers:28 wrapped DEBUG: Normal ending for _general_strategy on thread JobStatusPoller-Timer-Thread-139882921140896
1706278575.025923 2024-01-26 11:16:15 MainProcess-8382 ThreadPoolExecutor-0_0-139882910443200 parsl.dataflow.dflow:551 _complete_task INFO: Task 0 completed (launched -> exec_done)
1706278575.026728 2024-01-26 11:16:15 MainProcess-8382 ThreadPoolExecutor-0_0-139882910443200 parsl.dataflow.dflow:614 launch_if_ready DEBUG: Task 2 has outstanding dependencies, so launch_if_ready skipping
1706278575.027248 2024-01-26 11:16:15 MainProcess-8382 ThreadPoolExecutor-0_1-139882902050496 parsl.dataflow.dflow:551 _complete_task INFO: Task 1 completed (launched -> exec_done)
1706278575.028060 2024-01-26 11:16:15 MainProcess-8382 ThreadPoolExecutor-0_1-139882902050496 parsl.dataflow.memoization:222 check_memo DEBUG: Task 2 will not be memoized
1706278575.028483 2024-01-26 11:16:15 MainProcess-8382 ThreadPoolExecutor-0_1-139882902050496 parsl.dataflow.dflow:727 launch_task INFO: Parsl task 2 try 0 launched on executor threads
1706278577.029510 2024-01-26 11:16:17 MainProcess-8382 ThreadPoolExecutor-0_1-139882902050496 parsl.dataflow.dflow:551 _complete_task INFO: Task 2 completed (launched -> exec_done)
1706278577.032024 2024-01-26 11:16:17 MainProcess-8382 MainThread-139882971215680 parsl.dataflow.dflow:1145 atexit_cleanup INFO: DFK cleanup because python process is exiting
1706278577.032836 2024-01-26 11:16:17 MainProcess-8382 MainThread-139882971215680 parsl.dataflow.dflow:1182 cleanup INFO: DFK cleanup initiated
1706278577.033347 2024-01-26 11:16:17 MainProcess-8382 MainThread-139882971215680 parsl.dataflow.dflow:1075 log_task_states INFO: Summary of tasks in DFK:
1706278577.033815 2024-01-26 11:16:17 MainProcess-8382 MainThread-139882971215680 parsl.dataflow.dflow:1079 log_task_states INFO: Tasks in state States.unsched: 0
1706278577.034194 2024-01-26 11:16:17 MainProcess-8382 MainThread-139882971215680 parsl.dataflow.dflow:1079 log_task_states INFO: Tasks in state States.pending: 0
1706278577.034848 2024-01-26 11:16:17 MainProcess-8382 MainThread-139882971215680 parsl.dataflow.dflow:1079 log_task_states INFO: Tasks in state States.running: 0
1706278577.035280 2024-01-26 11:16:17 MainProcess-8382 MainThread-139882971215680 parsl.dataflow.dflow:1079 log_task_states INFO: Tasks in state States.exec_done: 3
1706278577.035755 2024-01-26 11:16:17 MainProcess-8382 MainThread-139882971215680 parsl.dataflow.dflow:1079 log_task_states INFO: Tasks in state States.failed: 0
1706278577.036101 2024-01-26 11:16:17 MainProcess-8382 MainThread-139882971215680 parsl.dataflow.dflow:1079 log_task_states INFO: Tasks in state States.dep_fail: 0
1706278577.036350 2024-01-26 11:16:17 MainProcess-8382 MainThread-139882971215680 parsl.dataflow.dflow:1079 log_task_states INFO: Tasks in state States.launched: 0
1706278577.036538 2024-01-26 11:16:17 MainProcess-8382 MainThread-139882971215680 parsl.dataflow.dflow:1079 log_task_states INFO: Tasks in state States.fail_retryable: 0
1706278577.036799 2024-01-26 11:16:17 MainProcess-8382 MainThread-139882971215680 parsl.dataflow.dflow:1079 log_task_states INFO: Tasks in state States.memo_done: 0
1706278577.037003 2024-01-26 11:16:17 MainProcess-8382 MainThread-139882971215680 parsl.dataflow.dflow:1079 log_task_states INFO: Tasks in state States.joining: 0
1706278577.037184 2024-01-26 11:16:17 MainProcess-8382 MainThread-139882971215680 parsl.dataflow.dflow:1079 log_task_states INFO: Tasks in state States.running_ended: 0
1706278577.037409 2024-01-26 11:16:17 MainProcess-8382 MainThread-139882971215680 parsl.dataflow.dflow:1081 log_task_states INFO: End of summary
1706278577.038056 2024-01-26 11:16:17 MainProcess-8382 MainThread-139882971215680 parsl.dataflow.dflow:1206 cleanup INFO: Closing job status poller
1706278577.039019 2024-01-26 11:16:17 MainProcess-8382 MainThread-139882971215680 parsl.dataflow.dflow:1208 cleanup INFO: Terminated job status poller
1706278577.039512 2024-01-26 11:16:17 MainProcess-8382 MainThread-139882971215680 parsl.dataflow.dflow:1210 cleanup INFO: Scaling in and shutting down executors
1706278577.039955 2024-01-26 11:16:17 MainProcess-8382 MainThread-139882971215680 parsl.dataflow.dflow:1228 cleanup INFO: Shutting down executor threads
1706278577.040380 2024-01-26 11:16:17 MainProcess-8382 MainThread-139882971215680 parsl.executors.threads:74 shutdown DEBUG: Shutting down executor, which involves waiting for running tasks to complete
1706278577.040889 2024-01-26 11:16:17 MainProcess-8382 MainThread-139882971215680 parsl.executors.threads:76 shutdown DEBUG: Done with executor shutdown
1706278577.041502 2024-01-26 11:16:17 MainProcess-8382 MainThread-139882971215680 parsl.dataflow.dflow:1230 cleanup INFO: Shut down executor threads
1706278577.042021 2024-01-26 11:16:17 MainProcess-8382 MainThread-139882971215680 parsl.dataflow.dflow:1228 cleanup INFO: Shutting down executor _parsl_internal
1706278577.042423 2024-01-26 11:16:17 MainProcess-8382 MainThread-139882971215680 parsl.executors.threads:74 shutdown DEBUG: Shutting down executor, which involves waiting for running tasks to complete
1706278577.042993 2024-01-26 11:16:17 MainProcess-8382 MainThread-139882971215680 parsl.executors.threads:76 shutdown DEBUG: Done with executor shutdown
1706278577.043413 2024-01-26 11:16:17 MainProcess-8382 MainThread-139882971215680 parsl.dataflow.dflow:1230 cleanup INFO: Shut down executor _parsl_internal
1706278577.043844 2024-01-26 11:16:17 MainProcess-8382 MainThread-139882971215680 parsl.dataflow.dflow:1232 cleanup INFO: Terminated executors
1706278577.044143 2024-01-26 11:16:17 MainProcess-8382 MainThread-139882971215680 parsl.dataflow.dflow:1249 cleanup INFO: DFK cleanup complete
1706278577.044479 2024-01-26 11:16:17 MainProcess-8382 MainThread-139882971215680 parsl.process_loggers:28 wrapped DEBUG: Normal ending for cleanup on thread MainThread
