1706278148.975825 2024-01-26 11:09:08 MainProcess-8244 MainThread-140013489358656 parsl.dataflow.dflow:91 __init__ INFO: Starting DataFlowKernel with config
Config(
    app_cache=True, 
    checkpoint_files=None, 
    checkpoint_mode=None, 
    checkpoint_period=None, 
    executors=(ThreadPoolExecutor(
        label='threads', 
        max_threads=2, 
        storage_access=None, 
        thread_name_prefix='', 
        working_dir=None
    ),), 
    garbage_collect=True, 
    initialize_logging=True, 
    internal_tasks_max_threads=10, 
    max_idletime=120.0, 
    monitoring=None, 
    retries=0, 
    retry_handler=None, 
    run_dir='runinfo', 
    strategy='simple', 
    usage_tracking=False
)
1706278148.976218 2024-01-26 11:09:08 MainProcess-8244 MainThread-140013489358656 parsl.dataflow.dflow:93 __init__ INFO: Parsl version: 2024.01.22
1706278148.976470 2024-01-26 11:09:08 MainProcess-8244 MainThread-140013489358656 parsl.usage_tracking.usage:127 __init__ DEBUG: Tracking status: False
1706278148.976651 2024-01-26 11:09:08 MainProcess-8244 MainThread-140013489358656 parsl.dataflow.dflow:121 __init__ INFO: Run id is: ff2a1367-b4bc-429e-a341-fa3a4ba45397
1706278149.029704 2024-01-26 11:09:09 MainProcess-8244 MainThread-140013489358656 parsl.dataflow.dflow:128 __init__ DEBUG: Considering candidate for workflow name: /home/brenddon/.local/lib/python3.12/site-packages/parsl/dataflow/dflow.py
1706278149.029967 2024-01-26 11:09:09 MainProcess-8244 MainThread-140013489358656 parsl.dataflow.dflow:128 __init__ DEBUG: Considering candidate for workflow name: /home/brenddon/.local/lib/python3.12/site-packages/typeguard/__init__.py
1706278149.030161 2024-01-26 11:09:09 MainProcess-8244 MainThread-140013489358656 parsl.dataflow.dflow:128 __init__ DEBUG: Considering candidate for workflow name: /home/brenddon/.local/lib/python3.12/site-packages/parsl/dataflow/dflow.py
1706278149.030316 2024-01-26 11:09:09 MainProcess-8244 MainThread-140013489358656 parsl.dataflow.dflow:128 __init__ DEBUG: Considering candidate for workflow name: /home/brenddon/.local/lib/python3.12/site-packages/typeguard/__init__.py
1706278149.030446 2024-01-26 11:09:09 MainProcess-8244 MainThread-140013489358656 parsl.dataflow.dflow:128 __init__ DEBUG: Considering candidate for workflow name: /home/brenddon/Documents/lncc/programaDeVerao2024/parte2/workflowsPythonParsl/conteudo/04-BagOfTasks/04_bag_of_tasks.py
1706278149.030578 2024-01-26 11:09:09 MainProcess-8244 MainThread-140013489358656 parsl.dataflow.dflow:134 __init__ DEBUG: Using 04_bag_of_tasks.py as workflow name
1706278149.031033 2024-01-26 11:09:09 MainProcess-8244 MainThread-140013489358656 parsl.dataflow.memoization:163 __init__ INFO: App caching initialized
1706278149.031156 2024-01-26 11:09:09 MainProcess-8244 MainThread-140013489358656 parsl.jobs.strategy:143 __init__ DEBUG: Scaling strategy: simple
1706278149.034032 2024-01-26 11:09:09 MainProcess-8244 MainThread-140013489358656 parsl.dataflow.dflow:949 submit DEBUG: Task 0 will be sent to executor threads
1706278149.034146 2024-01-26 11:09:09 MainProcess-8244 MainThread-140013489358656 parsl.dataflow.dflow:764 _add_output_deps DEBUG: Adding output dependencies
1706278149.034207 2024-01-26 11:09:09 MainProcess-8244 MainThread-140013489358656 parsl.dataflow.dflow:1031 submit INFO: Task 0 submitted for App app_random, not waiting on any dependency
1706278149.034268 2024-01-26 11:09:09 MainProcess-8244 MainThread-140013489358656 parsl.dataflow.dflow:1037 submit DEBUG: Task 0 set to pending state with AppFuture: <AppFuture at 0x7f576d50ef60 state=pending>
1706278149.034321 2024-01-26 11:09:09 MainProcess-8244 MainThread-140013489358656 parsl.dataflow.memoization:222 check_memo DEBUG: Task 0 will not be memoized
1706278149.034626 2024-01-26 11:09:09 MainProcess-8244 MainThread-140013489358656 parsl.dataflow.dflow:727 launch_task INFO: Parsl task 0 try 0 launched on executor threads
1706278149.034715 2024-01-26 11:09:09 MainProcess-8244 MainThread-140013489358656 parsl.dataflow.dflow:551 _complete_task INFO: Task 0 completed (launched -> exec_done)
1706278149.034798 2024-01-26 11:09:09 MainProcess-8244 MainThread-140013489358656 parsl.dataflow.dflow:949 submit DEBUG: Task 1 will be sent to executor threads
1706278149.034874 2024-01-26 11:09:09 MainProcess-8244 MainThread-140013489358656 parsl.dataflow.dflow:764 _add_output_deps DEBUG: Adding output dependencies
1706278149.034927 2024-01-26 11:09:09 MainProcess-8244 MainThread-140013489358656 parsl.dataflow.dflow:1031 submit INFO: Task 1 submitted for App app_random, not waiting on any dependency
1706278149.034994 2024-01-26 11:09:09 MainProcess-8244 MainThread-140013489358656 parsl.dataflow.dflow:1037 submit DEBUG: Task 1 set to pending state with AppFuture: <AppFuture at 0x7f576b44ede0 state=pending>
1706278149.035069 2024-01-26 11:09:09 MainProcess-8244 MainThread-140013489358656 parsl.dataflow.memoization:222 check_memo DEBUG: Task 1 will not be memoized
1706278149.035168 2024-01-26 11:09:09 MainProcess-8244 MainThread-140013489358656 parsl.dataflow.dflow:727 launch_task INFO: Parsl task 1 try 0 launched on executor threads
1706278149.035315 2024-01-26 11:09:09 MainProcess-8244 MainThread-140013489358656 parsl.dataflow.dflow:551 _complete_task INFO: Task 1 completed (launched -> exec_done)
1706278149.035405 2024-01-26 11:09:09 MainProcess-8244 MainThread-140013489358656 parsl.dataflow.dflow:949 submit DEBUG: Task 2 will be sent to executor threads
1706278149.035477 2024-01-26 11:09:09 MainProcess-8244 MainThread-140013489358656 parsl.dataflow.dflow:764 _add_output_deps DEBUG: Adding output dependencies
1706278149.035530 2024-01-26 11:09:09 MainProcess-8244 MainThread-140013489358656 parsl.dataflow.dflow:1031 submit INFO: Task 2 submitted for App app_random, not waiting on any dependency
1706278149.035583 2024-01-26 11:09:09 MainProcess-8244 MainThread-140013489358656 parsl.dataflow.dflow:1037 submit DEBUG: Task 2 set to pending state with AppFuture: <AppFuture at 0x7f576b44f1a0 state=pending>
1706278149.035625 2024-01-26 11:09:09 MainProcess-8244 MainThread-140013489358656 parsl.dataflow.memoization:222 check_memo DEBUG: Task 2 will not be memoized
1706278149.035696 2024-01-26 11:09:09 MainProcess-8244 MainThread-140013489358656 parsl.dataflow.dflow:727 launch_task INFO: Parsl task 2 try 0 launched on executor threads
1706278149.035833 2024-01-26 11:09:09 MainProcess-8244 MainThread-140013489358656 parsl.dataflow.dflow:551 _complete_task INFO: Task 2 completed (launched -> exec_done)
1706278149.035917 2024-01-26 11:09:09 MainProcess-8244 MainThread-140013489358656 parsl.dataflow.dflow:949 submit DEBUG: Task 3 will be sent to executor threads
1706278149.035979 2024-01-26 11:09:09 MainProcess-8244 MainThread-140013489358656 parsl.dataflow.dflow:764 _add_output_deps DEBUG: Adding output dependencies
1706278149.036031 2024-01-26 11:09:09 MainProcess-8244 MainThread-140013489358656 parsl.dataflow.dflow:1031 submit INFO: Task 3 submitted for App app_random, not waiting on any dependency
1706278149.036082 2024-01-26 11:09:09 MainProcess-8244 MainThread-140013489358656 parsl.dataflow.dflow:1037 submit DEBUG: Task 3 set to pending state with AppFuture: <AppFuture at 0x7f576b44f320 state=pending>
1706278149.036124 2024-01-26 11:09:09 MainProcess-8244 MainThread-140013489358656 parsl.dataflow.memoization:222 check_memo DEBUG: Task 3 will not be memoized
1706278149.036233 2024-01-26 11:09:09 MainProcess-8244 MainThread-140013489358656 parsl.dataflow.dflow:727 launch_task INFO: Parsl task 3 try 0 launched on executor threads
1706278149.036322 2024-01-26 11:09:09 MainProcess-8244 MainThread-140013489358656 parsl.dataflow.dflow:949 submit DEBUG: Task 4 will be sent to executor threads
1706278149.036421 2024-01-26 11:09:09 MainProcess-8244 MainThread-140013489358656 parsl.dataflow.dflow:764 _add_output_deps DEBUG: Adding output dependencies
1706278149.036509 2024-01-26 11:09:09 MainProcess-8244 MainThread-140013489358656 parsl.dataflow.dflow:1031 submit INFO: Task 4 submitted for App app_random, not waiting on any dependency
1706278149.036600 2024-01-26 11:09:09 MainProcess-8244 MainThread-140013489358656 parsl.dataflow.dflow:1037 submit DEBUG: Task 4 set to pending state with AppFuture: <AppFuture at 0x7f576b44f500 state=pending>
1706278149.036707 2024-01-26 11:09:09 MainProcess-8244 ThreadPoolExecutor-0_0-140013428205248 parsl.dataflow.dflow:551 _complete_task INFO: Task 3 completed (launched -> exec_done)
1706278149.036787 2024-01-26 11:09:09 MainProcess-8244 MainThread-140013489358656 parsl.dataflow.memoization:222 check_memo DEBUG: Task 4 will not be memoized
1706278149.036987 2024-01-26 11:09:09 MainProcess-8244 MainThread-140013489358656 parsl.dataflow.dflow:727 launch_task INFO: Parsl task 4 try 0 launched on executor threads
1706278149.037156 2024-01-26 11:09:09 MainProcess-8244 MainThread-140013489358656 parsl.dataflow.dflow:551 _complete_task INFO: Task 4 completed (launched -> exec_done)
1706278149.037589 2024-01-26 11:09:09 MainProcess-8244 MainThread-140013489358656 parsl.dataflow.dflow:949 submit DEBUG: Task 5 will be sent to executor threads
1706278149.038069 2024-01-26 11:09:09 MainProcess-8244 MainThread-140013489358656 parsl.dataflow.dflow:764 _add_output_deps DEBUG: Adding output dependencies
1706278149.038267 2024-01-26 11:09:09 MainProcess-8244 MainThread-140013489358656 parsl.dataflow.dflow:1031 submit INFO: Task 5 submitted for App app_random, not waiting on any dependency
1706278149.038451 2024-01-26 11:09:09 MainProcess-8244 MainThread-140013489358656 parsl.dataflow.dflow:1037 submit DEBUG: Task 5 set to pending state with AppFuture: <AppFuture at 0x7f576b44f4a0 state=pending>
1706278149.038707 2024-01-26 11:09:09 MainProcess-8244 MainThread-140013489358656 parsl.dataflow.memoization:222 check_memo DEBUG: Task 5 will not be memoized
1706278149.039026 2024-01-26 11:09:09 MainProcess-8244 MainThread-140013489358656 parsl.dataflow.dflow:727 launch_task INFO: Parsl task 5 try 0 launched on executor threads
1706278149.039366 2024-01-26 11:09:09 MainProcess-8244 MainThread-140013489358656 parsl.dataflow.dflow:949 submit DEBUG: Task 6 will be sent to executor threads
1706278149.039533 2024-01-26 11:09:09 MainProcess-8244 ThreadPoolExecutor-0_0-140013428205248 parsl.dataflow.dflow:551 _complete_task INFO: Task 5 completed (launched -> exec_done)
1706278149.039648 2024-01-26 11:09:09 MainProcess-8244 MainThread-140013489358656 parsl.dataflow.dflow:764 _add_output_deps DEBUG: Adding output dependencies
1706278149.039847 2024-01-26 11:09:09 MainProcess-8244 MainThread-140013489358656 parsl.dataflow.dflow:1031 submit INFO: Task 6 submitted for App app_random, not waiting on any dependency
1706278149.039939 2024-01-26 11:09:09 MainProcess-8244 MainThread-140013489358656 parsl.dataflow.dflow:1037 submit DEBUG: Task 6 set to pending state with AppFuture: <AppFuture at 0x7f576b44f800 state=pending>
1706278149.040136 2024-01-26 11:09:09 MainProcess-8244 MainThread-140013489358656 parsl.dataflow.memoization:222 check_memo DEBUG: Task 6 will not be memoized
1706278149.040460 2024-01-26 11:09:09 MainProcess-8244 MainThread-140013489358656 parsl.dataflow.dflow:727 launch_task INFO: Parsl task 6 try 0 launched on executor threads
1706278149.041248 2024-01-26 11:09:09 MainProcess-8244 MainThread-140013489358656 parsl.dataflow.dflow:949 submit DEBUG: Task 7 will be sent to executor threads
1706278149.041787 2024-01-26 11:09:09 MainProcess-8244 ThreadPoolExecutor-0_0-140013428205248 parsl.dataflow.dflow:551 _complete_task INFO: Task 6 completed (launched -> exec_done)
1706278149.042009 2024-01-26 11:09:09 MainProcess-8244 MainThread-140013489358656 parsl.dataflow.dflow:764 _add_output_deps DEBUG: Adding output dependencies
1706278149.042333 2024-01-26 11:09:09 MainProcess-8244 MainThread-140013489358656 parsl.dataflow.dflow:1031 submit INFO: Task 7 submitted for App app_random, not waiting on any dependency
1706278149.042479 2024-01-26 11:09:09 MainProcess-8244 MainThread-140013489358656 parsl.dataflow.dflow:1037 submit DEBUG: Task 7 set to pending state with AppFuture: <AppFuture at 0x7f576b44f8f0 state=pending>
1706278149.042600 2024-01-26 11:09:09 MainProcess-8244 MainThread-140013489358656 parsl.dataflow.memoization:222 check_memo DEBUG: Task 7 will not be memoized
1706278149.042860 2024-01-26 11:09:09 MainProcess-8244 MainThread-140013489358656 parsl.dataflow.dflow:727 launch_task INFO: Parsl task 7 try 0 launched on executor threads
1706278149.042988 2024-01-26 11:09:09 MainProcess-8244 MainThread-140013489358656 parsl.dataflow.dflow:949 submit DEBUG: Task 8 will be sent to executor threads
1706278149.043072 2024-01-26 11:09:09 MainProcess-8244 MainThread-140013489358656 parsl.dataflow.dflow:764 _add_output_deps DEBUG: Adding output dependencies
1706278149.043128 2024-01-26 11:09:09 MainProcess-8244 MainThread-140013489358656 parsl.dataflow.dflow:1031 submit INFO: Task 8 submitted for App app_random, not waiting on any dependency
1706278149.043185 2024-01-26 11:09:09 MainProcess-8244 MainThread-140013489358656 parsl.dataflow.dflow:1037 submit DEBUG: Task 8 set to pending state with AppFuture: <AppFuture at 0x7f576b44fa70 state=pending>
1706278149.043233 2024-01-26 11:09:09 MainProcess-8244 MainThread-140013489358656 parsl.dataflow.memoization:222 check_memo DEBUG: Task 8 will not be memoized
1706278149.043359 2024-01-26 11:09:09 MainProcess-8244 ThreadPoolExecutor-0_0-140013428205248 parsl.dataflow.dflow:551 _complete_task INFO: Task 7 completed (launched -> exec_done)
1706278149.043921 2024-01-26 11:09:09 MainProcess-8244 MainThread-140013489358656 parsl.dataflow.dflow:727 launch_task INFO: Parsl task 8 try 0 launched on executor threads
1706278149.044110 2024-01-26 11:09:09 MainProcess-8244 MainThread-140013489358656 parsl.dataflow.dflow:551 _complete_task INFO: Task 8 completed (launched -> exec_done)
1706278149.044223 2024-01-26 11:09:09 MainProcess-8244 MainThread-140013489358656 parsl.dataflow.dflow:949 submit DEBUG: Task 9 will be sent to executor threads
1706278149.044315 2024-01-26 11:09:09 MainProcess-8244 MainThread-140013489358656 parsl.dataflow.dflow:764 _add_output_deps DEBUG: Adding output dependencies
1706278149.044390 2024-01-26 11:09:09 MainProcess-8244 MainThread-140013489358656 parsl.dataflow.dflow:1031 submit INFO: Task 9 submitted for App app_random, not waiting on any dependency
1706278149.044471 2024-01-26 11:09:09 MainProcess-8244 MainThread-140013489358656 parsl.dataflow.dflow:1037 submit DEBUG: Task 9 set to pending state with AppFuture: <AppFuture at 0x7f576b44f7a0 state=pending>
1706278149.044885 2024-01-26 11:09:09 MainProcess-8244 MainThread-140013489358656 parsl.dataflow.memoization:222 check_memo DEBUG: Task 9 will not be memoized
1706278149.045246 2024-01-26 11:09:09 MainProcess-8244 MainThread-140013489358656 parsl.dataflow.dflow:727 launch_task INFO: Parsl task 9 try 0 launched on executor threads
1706278149.045660 2024-01-26 11:09:09 MainProcess-8244 ThreadPoolExecutor-0_1-140013419812544 parsl.dataflow.dflow:551 _complete_task INFO: Task 9 completed (launched -> exec_done)
1706278149.046783 2024-01-26 11:09:09 MainProcess-8244 MainThread-140013489358656 parsl.dataflow.dflow:1145 atexit_cleanup INFO: DFK cleanup because python process is exiting
1706278149.046983 2024-01-26 11:09:09 MainProcess-8244 MainThread-140013489358656 parsl.dataflow.dflow:1182 cleanup INFO: DFK cleanup initiated
1706278149.047060 2024-01-26 11:09:09 MainProcess-8244 MainThread-140013489358656 parsl.dataflow.dflow:1075 log_task_states INFO: Summary of tasks in DFK:
1706278149.047140 2024-01-26 11:09:09 MainProcess-8244 MainThread-140013489358656 parsl.dataflow.dflow:1079 log_task_states INFO: Tasks in state States.unsched: 0
1706278149.047203 2024-01-26 11:09:09 MainProcess-8244 MainThread-140013489358656 parsl.dataflow.dflow:1079 log_task_states INFO: Tasks in state States.pending: 0
1706278149.047262 2024-01-26 11:09:09 MainProcess-8244 MainThread-140013489358656 parsl.dataflow.dflow:1079 log_task_states INFO: Tasks in state States.running: 0
1706278149.047320 2024-01-26 11:09:09 MainProcess-8244 MainThread-140013489358656 parsl.dataflow.dflow:1079 log_task_states INFO: Tasks in state States.exec_done: 10
1706278149.047378 2024-01-26 11:09:09 MainProcess-8244 MainThread-140013489358656 parsl.dataflow.dflow:1079 log_task_states INFO: Tasks in state States.failed: 0
1706278149.047460 2024-01-26 11:09:09 MainProcess-8244 MainThread-140013489358656 parsl.dataflow.dflow:1079 log_task_states INFO: Tasks in state States.dep_fail: 0
1706278149.047523 2024-01-26 11:09:09 MainProcess-8244 MainThread-140013489358656 parsl.dataflow.dflow:1079 log_task_states INFO: Tasks in state States.launched: 0
1706278149.047582 2024-01-26 11:09:09 MainProcess-8244 MainThread-140013489358656 parsl.dataflow.dflow:1079 log_task_states INFO: Tasks in state States.fail_retryable: 0
1706278149.047641 2024-01-26 11:09:09 MainProcess-8244 MainThread-140013489358656 parsl.dataflow.dflow:1079 log_task_states INFO: Tasks in state States.memo_done: 0
1706278149.047710 2024-01-26 11:09:09 MainProcess-8244 MainThread-140013489358656 parsl.dataflow.dflow:1079 log_task_states INFO: Tasks in state States.joining: 0
1706278149.047769 2024-01-26 11:09:09 MainProcess-8244 MainThread-140013489358656 parsl.dataflow.dflow:1079 log_task_states INFO: Tasks in state States.running_ended: 0
1706278149.047826 2024-01-26 11:09:09 MainProcess-8244 MainThread-140013489358656 parsl.dataflow.dflow:1081 log_task_states INFO: End of summary
1706278149.047932 2024-01-26 11:09:09 MainProcess-8244 MainThread-140013489358656 parsl.dataflow.dflow:1206 cleanup INFO: Closing job status poller
1706278149.048060 2024-01-26 11:09:09 MainProcess-8244 MainThread-140013489358656 parsl.dataflow.dflow:1208 cleanup INFO: Terminated job status poller
1706278149.048126 2024-01-26 11:09:09 MainProcess-8244 MainThread-140013489358656 parsl.dataflow.dflow:1210 cleanup INFO: Scaling in and shutting down executors
1706278149.048193 2024-01-26 11:09:09 MainProcess-8244 MainThread-140013489358656 parsl.dataflow.dflow:1228 cleanup INFO: Shutting down executor threads
1706278149.048257 2024-01-26 11:09:09 MainProcess-8244 MainThread-140013489358656 parsl.executors.threads:74 shutdown DEBUG: Shutting down executor, which involves waiting for running tasks to complete
1706278149.048324 2024-01-26 11:09:09 MainProcess-8244 MainThread-140013489358656 parsl.executors.threads:76 shutdown DEBUG: Done with executor shutdown
1706278149.048383 2024-01-26 11:09:09 MainProcess-8244 MainThread-140013489358656 parsl.dataflow.dflow:1230 cleanup INFO: Shut down executor threads
1706278149.048445 2024-01-26 11:09:09 MainProcess-8244 MainThread-140013489358656 parsl.dataflow.dflow:1228 cleanup INFO: Shutting down executor _parsl_internal
1706278149.048499 2024-01-26 11:09:09 MainProcess-8244 MainThread-140013489358656 parsl.executors.threads:74 shutdown DEBUG: Shutting down executor, which involves waiting for running tasks to complete
1706278149.048558 2024-01-26 11:09:09 MainProcess-8244 MainThread-140013489358656 parsl.executors.threads:76 shutdown DEBUG: Done with executor shutdown
1706278149.048631 2024-01-26 11:09:09 MainProcess-8244 MainThread-140013489358656 parsl.dataflow.dflow:1230 cleanup INFO: Shut down executor _parsl_internal
1706278149.048713 2024-01-26 11:09:09 MainProcess-8244 MainThread-140013489358656 parsl.dataflow.dflow:1232 cleanup INFO: Terminated executors
1706278149.048776 2024-01-26 11:09:09 MainProcess-8244 MainThread-140013489358656 parsl.dataflow.dflow:1249 cleanup INFO: DFK cleanup complete
1706278149.048847 2024-01-26 11:09:09 MainProcess-8244 MainThread-140013489358656 parsl.process_loggers:28 wrapped DEBUG: Normal ending for cleanup on thread MainThread
