1706279223.193974 2024-01-26 11:27:03 MainProcess-8812 MainThread-139740546737984 parsl.dataflow.dflow:91 __init__ INFO: Starting DataFlowKernel with config
Config(
    app_cache=True, 
    checkpoint_files=None, 
    checkpoint_mode=None, 
    checkpoint_period=None, 
    executors=(ThreadPoolExecutor(
        label='threads', 
        max_threads=2, 
        storage_access=None, 
        thread_name_prefix='', 
        working_dir=None
    ),), 
    garbage_collect=True, 
    initialize_logging=True, 
    internal_tasks_max_threads=10, 
    max_idletime=120.0, 
    monitoring=None, 
    retries=0, 
    retry_handler=None, 
    run_dir='result1', 
    strategy='simple', 
    usage_tracking=False
)
1706279223.194189 2024-01-26 11:27:03 MainProcess-8812 MainThread-139740546737984 parsl.dataflow.dflow:93 __init__ INFO: Parsl version: 2024.01.22
1706279223.194313 2024-01-26 11:27:03 MainProcess-8812 MainThread-139740546737984 parsl.usage_tracking.usage:127 __init__ DEBUG: Tracking status: False
1706279223.194425 2024-01-26 11:27:03 MainProcess-8812 MainThread-139740546737984 parsl.dataflow.dflow:121 __init__ INFO: Run id is: 349cf036-20f0-440c-8482-c4feb2705d23
1706279223.231022 2024-01-26 11:27:03 MainProcess-8812 MainThread-139740546737984 parsl.dataflow.dflow:128 __init__ DEBUG: Considering candidate for workflow name: /home/brenddon/.local/lib/python3.12/site-packages/parsl/dataflow/dflow.py
1706279223.231115 2024-01-26 11:27:03 MainProcess-8812 MainThread-139740546737984 parsl.dataflow.dflow:128 __init__ DEBUG: Considering candidate for workflow name: /home/brenddon/.local/lib/python3.12/site-packages/typeguard/__init__.py
1706279223.231170 2024-01-26 11:27:03 MainProcess-8812 MainThread-139740546737984 parsl.dataflow.dflow:128 __init__ DEBUG: Considering candidate for workflow name: /home/brenddon/.local/lib/python3.12/site-packages/parsl/dataflow/dflow.py
1706279223.231210 2024-01-26 11:27:03 MainProcess-8812 MainThread-139740546737984 parsl.dataflow.dflow:128 __init__ DEBUG: Considering candidate for workflow name: /home/brenddon/.local/lib/python3.12/site-packages/typeguard/__init__.py
1706279223.231247 2024-01-26 11:27:03 MainProcess-8812 MainThread-139740546737984 parsl.dataflow.dflow:128 __init__ DEBUG: Considering candidate for workflow name: /home/brenddon/Documents/lncc/programaDeVerao2024/parte2/workflowsPythonParsl/conteudo/11-Hierarchical/app/05_monte_carlo_pi.py
1706279223.231285 2024-01-26 11:27:03 MainProcess-8812 MainThread-139740546737984 parsl.dataflow.dflow:134 __init__ DEBUG: Using 05_monte_carlo_pi.py as workflow name
1706279223.231445 2024-01-26 11:27:03 MainProcess-8812 MainThread-139740546737984 parsl.dataflow.memoization:163 __init__ INFO: App caching initialized
1706279223.231512 2024-01-26 11:27:03 MainProcess-8812 MainThread-139740546737984 parsl.jobs.strategy:143 __init__ DEBUG: Scaling strategy: simple
1706279223.234653 2024-01-26 11:27:03 MainProcess-8812 MainThread-139740546737984 parsl.dataflow.dflow:949 submit DEBUG: Task 0 will be sent to executor threads
1706279223.234805 2024-01-26 11:27:03 MainProcess-8812 MainThread-139740546737984 parsl.dataflow.dflow:764 _add_output_deps DEBUG: Adding output dependencies
1706279223.234893 2024-01-26 11:27:03 MainProcess-8812 MainThread-139740546737984 parsl.dataflow.dflow:1031 submit INFO: Task 0 submitted for App pi, not waiting on any dependency
1706279223.234970 2024-01-26 11:27:03 MainProcess-8812 MainThread-139740546737984 parsl.dataflow.dflow:1037 submit DEBUG: Task 0 set to pending state with AppFuture: <AppFuture at 0x7f17e025e6c0 state=pending>
1706279223.235028 2024-01-26 11:27:03 MainProcess-8812 MainThread-139740546737984 parsl.dataflow.memoization:222 check_memo DEBUG: Task 0 will not be memoized
1706279223.240353 2024-01-26 11:27:03 MainProcess-8812 MainThread-139740546737984 parsl.dataflow.dflow:727 launch_task INFO: Parsl task 0 try 0 launched on executor threads
1706279223.245573 2024-01-26 11:27:03 MainProcess-8812 MainThread-139740546737984 parsl.dataflow.dflow:949 submit DEBUG: Task 1 will be sent to executor threads
1706279223.250784 2024-01-26 11:27:03 MainProcess-8812 MainThread-139740546737984 parsl.dataflow.dflow:764 _add_output_deps DEBUG: Adding output dependencies
1706279223.255984 2024-01-26 11:27:03 MainProcess-8812 MainThread-139740546737984 parsl.dataflow.dflow:1031 submit INFO: Task 1 submitted for App pi, not waiting on any dependency
1706279223.261199 2024-01-26 11:27:03 MainProcess-8812 MainThread-139740546737984 parsl.dataflow.dflow:1037 submit DEBUG: Task 1 set to pending state with AppFuture: <AppFuture at 0x7f17dead7f50 state=pending>
1706279223.266408 2024-01-26 11:27:03 MainProcess-8812 MainThread-139740546737984 parsl.dataflow.memoization:222 check_memo DEBUG: Task 1 will not be memoized
1706279223.292259 2024-01-26 11:27:03 MainProcess-8812 MainThread-139740546737984 parsl.dataflow.dflow:727 launch_task INFO: Parsl task 1 try 0 launched on executor threads
1706279223.297570 2024-01-26 11:27:03 MainProcess-8812 MainThread-139740546737984 parsl.dataflow.dflow:949 submit DEBUG: Task 2 will be sent to executor threads
1706279223.302775 2024-01-26 11:27:03 MainProcess-8812 MainThread-139740546737984 parsl.dataflow.dflow:764 _add_output_deps DEBUG: Adding output dependencies
1706279223.307974 2024-01-26 11:27:03 MainProcess-8812 MainThread-139740546737984 parsl.dataflow.dflow:1031 submit INFO: Task 2 submitted for App pi, not waiting on any dependency
1706279223.313184 2024-01-26 11:27:03 MainProcess-8812 MainThread-139740546737984 parsl.dataflow.dflow:1037 submit DEBUG: Task 2 set to pending state with AppFuture: <AppFuture at 0x7f17de954290 state=pending>
1706279223.318428 2024-01-26 11:27:03 MainProcess-8812 MainThread-139740546737984 parsl.dataflow.memoization:222 check_memo DEBUG: Task 2 will not be memoized
1706279223.318593 2024-01-26 11:27:03 MainProcess-8812 MainThread-139740546737984 parsl.dataflow.dflow:727 launch_task INFO: Parsl task 2 try 0 launched on executor threads
1706279223.323836 2024-01-26 11:27:03 MainProcess-8812 MainThread-139740546737984 parsl.dataflow.dflow:949 submit DEBUG: Task 3 will be sent to executor threads
1706279223.329025 2024-01-26 11:27:03 MainProcess-8812 MainThread-139740546737984 parsl.dataflow.dflow:764 _add_output_deps DEBUG: Adding output dependencies
1706279223.334224 2024-01-26 11:27:03 MainProcess-8812 MainThread-139740546737984 parsl.dataflow.dflow:1031 submit INFO: Task 3 submitted for App my_sum, waiting on task 0, task 1, task 2
1706279223.339392 2024-01-26 11:27:03 MainProcess-8812 MainThread-139740546737984 parsl.dataflow.dflow:1037 submit DEBUG: Task 3 set to pending state with AppFuture: <AppFuture at 0x7f17de954440 state=pending>
1706279223.344573 2024-01-26 11:27:03 MainProcess-8812 MainThread-139740546737984 parsl.dataflow.dflow:614 launch_if_ready DEBUG: Task 3 has outstanding dependencies, so launch_if_ready skipping
1706279224.260889 2024-01-26 11:27:04 MainProcess-8812 JobStatusPoller-Timer-Thread-139740496882160-139740494882496 parsl.jobs.strategy:176 _general_strategy DEBUG: general strategy starting with strategy_type simple for 0 executors
1706279224.261021 2024-01-26 11:27:04 MainProcess-8812 JobStatusPoller-Timer-Thread-139740496882160-139740494882496 parsl.process_loggers:28 wrapped DEBUG: Normal ending for _general_strategy on thread JobStatusPoller-Timer-Thread-139740496882160
1706279227.782836 2024-01-26 11:27:07 MainProcess-8812 ThreadPoolExecutor-0_0-139740486489792 parsl.dataflow.dflow:551 _complete_task INFO: Task 0 completed (launched -> exec_done)
1706279227.788085 2024-01-26 11:27:07 MainProcess-8812 ThreadPoolExecutor-0_0-139740486489792 parsl.dataflow.dflow:614 launch_if_ready DEBUG: Task 3 has outstanding dependencies, so launch_if_ready skipping
1706279227.819304 2024-01-26 11:27:07 MainProcess-8812 ThreadPoolExecutor-0_1-139740478097088 parsl.dataflow.dflow:551 _complete_task INFO: Task 1 completed (launched -> exec_done)
1706279227.824579 2024-01-26 11:27:07 MainProcess-8812 ThreadPoolExecutor-0_1-139740478097088 parsl.dataflow.dflow:614 launch_if_ready DEBUG: Task 3 has outstanding dependencies, so launch_if_ready skipping
1706279229.266093 2024-01-26 11:27:09 MainProcess-8812 JobStatusPoller-Timer-Thread-139740496882160-139740494882496 parsl.jobs.strategy:176 _general_strategy DEBUG: general strategy starting with strategy_type simple for 0 executors
1706279229.266255 2024-01-26 11:27:09 MainProcess-8812 JobStatusPoller-Timer-Thread-139740496882160-139740494882496 parsl.process_loggers:28 wrapped DEBUG: Normal ending for _general_strategy on thread JobStatusPoller-Timer-Thread-139740496882160
1706279229.767020 2024-01-26 11:27:09 MainProcess-8812 ThreadPoolExecutor-0_0-139740486489792 parsl.dataflow.dflow:551 _complete_task INFO: Task 2 completed (launched -> exec_done)
1706279229.767159 2024-01-26 11:27:09 MainProcess-8812 ThreadPoolExecutor-0_0-139740486489792 parsl.dataflow.memoization:222 check_memo DEBUG: Task 3 will not be memoized
1706279229.767253 2024-01-26 11:27:09 MainProcess-8812 ThreadPoolExecutor-0_0-139740486489792 parsl.dataflow.dflow:727 launch_task INFO: Parsl task 3 try 0 launched on executor threads
1706279229.767331 2024-01-26 11:27:09 MainProcess-8812 ThreadPoolExecutor-0_0-139740486489792 parsl.dataflow.dflow:551 _complete_task INFO: Task 3 completed (launched -> exec_done)
1706279229.767653 2024-01-26 11:27:09 MainProcess-8812 MainThread-139740546737984 parsl.dataflow.dflow:1145 atexit_cleanup INFO: DFK cleanup because python process is exiting
1706279229.767756 2024-01-26 11:27:09 MainProcess-8812 MainThread-139740546737984 parsl.dataflow.dflow:1182 cleanup INFO: DFK cleanup initiated
1706279229.767803 2024-01-26 11:27:09 MainProcess-8812 MainThread-139740546737984 parsl.dataflow.dflow:1075 log_task_states INFO: Summary of tasks in DFK:
1706279229.767855 2024-01-26 11:27:09 MainProcess-8812 MainThread-139740546737984 parsl.dataflow.dflow:1079 log_task_states INFO: Tasks in state States.unsched: 0
1706279229.767898 2024-01-26 11:27:09 MainProcess-8812 MainThread-139740546737984 parsl.dataflow.dflow:1079 log_task_states INFO: Tasks in state States.pending: 0
1706279229.767936 2024-01-26 11:27:09 MainProcess-8812 MainThread-139740546737984 parsl.dataflow.dflow:1079 log_task_states INFO: Tasks in state States.running: 0
1706279229.767972 2024-01-26 11:27:09 MainProcess-8812 MainThread-139740546737984 parsl.dataflow.dflow:1079 log_task_states INFO: Tasks in state States.exec_done: 4
1706279229.768012 2024-01-26 11:27:09 MainProcess-8812 MainThread-139740546737984 parsl.dataflow.dflow:1079 log_task_states INFO: Tasks in state States.failed: 0
1706279229.768048 2024-01-26 11:27:09 MainProcess-8812 MainThread-139740546737984 parsl.dataflow.dflow:1079 log_task_states INFO: Tasks in state States.dep_fail: 0
1706279229.768083 2024-01-26 11:27:09 MainProcess-8812 MainThread-139740546737984 parsl.dataflow.dflow:1079 log_task_states INFO: Tasks in state States.launched: 0
1706279229.768120 2024-01-26 11:27:09 MainProcess-8812 MainThread-139740546737984 parsl.dataflow.dflow:1079 log_task_states INFO: Tasks in state States.fail_retryable: 0
1706279229.768158 2024-01-26 11:27:09 MainProcess-8812 MainThread-139740546737984 parsl.dataflow.dflow:1079 log_task_states INFO: Tasks in state States.memo_done: 0
1706279229.768198 2024-01-26 11:27:09 MainProcess-8812 MainThread-139740546737984 parsl.dataflow.dflow:1079 log_task_states INFO: Tasks in state States.joining: 0
1706279229.768264 2024-01-26 11:27:09 MainProcess-8812 MainThread-139740546737984 parsl.dataflow.dflow:1079 log_task_states INFO: Tasks in state States.running_ended: 0
1706279229.768324 2024-01-26 11:27:09 MainProcess-8812 MainThread-139740546737984 parsl.dataflow.dflow:1081 log_task_states INFO: End of summary
1706279229.768406 2024-01-26 11:27:09 MainProcess-8812 MainThread-139740546737984 parsl.dataflow.dflow:1206 cleanup INFO: Closing job status poller
1706279229.768535 2024-01-26 11:27:09 MainProcess-8812 MainThread-139740546737984 parsl.dataflow.dflow:1208 cleanup INFO: Terminated job status poller
1706279229.768608 2024-01-26 11:27:09 MainProcess-8812 MainThread-139740546737984 parsl.dataflow.dflow:1210 cleanup INFO: Scaling in and shutting down executors
1706279229.768691 2024-01-26 11:27:09 MainProcess-8812 MainThread-139740546737984 parsl.dataflow.dflow:1228 cleanup INFO: Shutting down executor threads
1706279229.768756 2024-01-26 11:27:09 MainProcess-8812 MainThread-139740546737984 parsl.executors.threads:74 shutdown DEBUG: Shutting down executor, which involves waiting for running tasks to complete
1706279229.768805 2024-01-26 11:27:09 MainProcess-8812 MainThread-139740546737984 parsl.executors.threads:76 shutdown DEBUG: Done with executor shutdown
1706279229.768842 2024-01-26 11:27:09 MainProcess-8812 MainThread-139740546737984 parsl.dataflow.dflow:1230 cleanup INFO: Shut down executor threads
1706279229.768879 2024-01-26 11:27:09 MainProcess-8812 MainThread-139740546737984 parsl.dataflow.dflow:1228 cleanup INFO: Shutting down executor _parsl_internal
1706279229.768912 2024-01-26 11:27:09 MainProcess-8812 MainThread-139740546737984 parsl.executors.threads:74 shutdown DEBUG: Shutting down executor, which involves waiting for running tasks to complete
1706279229.768948 2024-01-26 11:27:09 MainProcess-8812 MainThread-139740546737984 parsl.executors.threads:76 shutdown DEBUG: Done with executor shutdown
1706279229.768983 2024-01-26 11:27:09 MainProcess-8812 MainThread-139740546737984 parsl.dataflow.dflow:1230 cleanup INFO: Shut down executor _parsl_internal
1706279229.769017 2024-01-26 11:27:09 MainProcess-8812 MainThread-139740546737984 parsl.dataflow.dflow:1232 cleanup INFO: Terminated executors
1706279229.769056 2024-01-26 11:27:09 MainProcess-8812 MainThread-139740546737984 parsl.dataflow.dflow:1249 cleanup INFO: DFK cleanup complete
1706279229.769091 2024-01-26 11:27:09 MainProcess-8812 MainThread-139740546737984 parsl.process_loggers:28 wrapped DEBUG: Normal ending for cleanup on thread MainThread
