1706277207.157191 2024-01-26 10:53:27 MainProcess-7704 MainThread-140579238610752 parsl.dataflow.dflow:91 __init__ INFO: Starting DataFlowKernel with config
Config(
    app_cache=True, 
    checkpoint_files=None, 
    checkpoint_mode=None, 
    checkpoint_period=None, 
    executors=(ThreadPoolExecutor(
        label='threads', 
        max_threads=2, 
        storage_access=None, 
        thread_name_prefix='', 
        working_dir=None
    ),), 
    garbage_collect=True, 
    initialize_logging=True, 
    internal_tasks_max_threads=10, 
    max_idletime=120.0, 
    monitoring=None, 
    retries=0, 
    retry_handler=None, 
    run_dir='runinfo', 
    strategy='simple', 
    usage_tracking=False
)
1706277207.157484 2024-01-26 10:53:27 MainProcess-7704 MainThread-140579238610752 parsl.dataflow.dflow:93 __init__ INFO: Parsl version: 2024.01.22
1706277207.157648 2024-01-26 10:53:27 MainProcess-7704 MainThread-140579238610752 parsl.usage_tracking.usage:127 __init__ DEBUG: Tracking status: False
1706277207.157815 2024-01-26 10:53:27 MainProcess-7704 MainThread-140579238610752 parsl.dataflow.dflow:121 __init__ INFO: Run id is: 93d6ccbb-bf2e-467c-80a3-90d585b8d4c1
1706277207.207579 2024-01-26 10:53:27 MainProcess-7704 MainThread-140579238610752 parsl.dataflow.dflow:128 __init__ DEBUG: Considering candidate for workflow name: /home/brenddon/.local/lib/python3.12/site-packages/parsl/dataflow/dflow.py
1706277207.207687 2024-01-26 10:53:27 MainProcess-7704 MainThread-140579238610752 parsl.dataflow.dflow:128 __init__ DEBUG: Considering candidate for workflow name: /home/brenddon/.local/lib/python3.12/site-packages/typeguard/__init__.py
1706277207.207765 2024-01-26 10:53:27 MainProcess-7704 MainThread-140579238610752 parsl.dataflow.dflow:128 __init__ DEBUG: Considering candidate for workflow name: /home/brenddon/.local/lib/python3.12/site-packages/parsl/dataflow/dflow.py
1706277207.207821 2024-01-26 10:53:27 MainProcess-7704 MainThread-140579238610752 parsl.dataflow.dflow:128 __init__ DEBUG: Considering candidate for workflow name: /home/brenddon/.local/lib/python3.12/site-packages/typeguard/__init__.py
1706277207.207861 2024-01-26 10:53:27 MainProcess-7704 MainThread-140579238610752 parsl.dataflow.dflow:128 __init__ DEBUG: Considering candidate for workflow name: /home/brenddon/Documents/lncc/programaDeVerao2024/parte2/workflowsPythonParsl/conteudo/00-Hello/00_hello_parsl.py
1706277207.207901 2024-01-26 10:53:27 MainProcess-7704 MainThread-140579238610752 parsl.dataflow.dflow:134 __init__ DEBUG: Using 00_hello_parsl.py as workflow name
1706277207.208075 2024-01-26 10:53:27 MainProcess-7704 MainThread-140579238610752 parsl.dataflow.memoization:163 __init__ INFO: App caching initialized
1706277207.208139 2024-01-26 10:53:27 MainProcess-7704 MainThread-140579238610752 parsl.jobs.strategy:143 __init__ DEBUG: Scaling strategy: simple
1706277207.214020 2024-01-26 10:53:27 MainProcess-7704 MainThread-140579238610752 parsl.dataflow.dflow:949 submit DEBUG: Task 0 will be sent to executor threads
1706277207.214162 2024-01-26 10:53:27 MainProcess-7704 MainThread-140579238610752 parsl.dataflow.dflow:764 _add_output_deps DEBUG: Adding output dependencies
1706277207.214228 2024-01-26 10:53:27 MainProcess-7704 MainThread-140579238610752 parsl.dataflow.dflow:1031 submit INFO: Task 0 submitted for App double, not waiting on any dependency
1706277207.214292 2024-01-26 10:53:27 MainProcess-7704 MainThread-140579238610752 parsl.dataflow.dflow:1037 submit DEBUG: Task 0 set to pending state with AppFuture: <AppFuture at 0x7fdb24cc7e60 state=pending>
1706277207.214347 2024-01-26 10:53:27 MainProcess-7704 MainThread-140579238610752 parsl.dataflow.memoization:222 check_memo DEBUG: Task 0 will not be memoized
1706277207.214646 2024-01-26 10:53:27 MainProcess-7704 MainThread-140579238610752 parsl.dataflow.dflow:727 launch_task INFO: Parsl task 0 try 0 launched on executor threads
1706277207.214751 2024-01-26 10:53:27 MainProcess-7704 MainThread-140579238610752 parsl.dataflow.dflow:551 _complete_task INFO: Task 0 completed (launched -> exec_done)
1706277207.214839 2024-01-26 10:53:27 MainProcess-7704 MainThread-140579238610752 parsl.dataflow.dflow:949 submit DEBUG: Task 1 will be sent to executor threads
1706277207.214929 2024-01-26 10:53:27 MainProcess-7704 MainThread-140579238610752 parsl.dataflow.dflow:764 _add_output_deps DEBUG: Adding output dependencies
1706277207.214987 2024-01-26 10:53:27 MainProcess-7704 MainThread-140579238610752 parsl.dataflow.dflow:1031 submit INFO: Task 1 submitted for App double, not waiting on any dependency
1706277207.215047 2024-01-26 10:53:27 MainProcess-7704 MainThread-140579238610752 parsl.dataflow.dflow:1037 submit DEBUG: Task 1 set to pending state with AppFuture: <AppFuture at 0x7fdb248e2f60 state=pending>
1706277207.215096 2024-01-26 10:53:27 MainProcess-7704 MainThread-140579238610752 parsl.dataflow.memoization:222 check_memo DEBUG: Task 1 will not be memoized
1706277207.215173 2024-01-26 10:53:27 MainProcess-7704 MainThread-140579238610752 parsl.dataflow.dflow:727 launch_task INFO: Parsl task 1 try 0 launched on executor threads
1706277207.215306 2024-01-26 10:53:27 MainProcess-7704 MainThread-140579238610752 parsl.dataflow.dflow:551 _complete_task INFO: Task 1 completed (launched -> exec_done)
1706277207.215573 2024-01-26 10:53:27 MainProcess-7704 MainThread-140579238610752 parsl.dataflow.dflow:1145 atexit_cleanup INFO: DFK cleanup because python process is exiting
1706277207.215663 2024-01-26 10:53:27 MainProcess-7704 MainThread-140579238610752 parsl.dataflow.dflow:1182 cleanup INFO: DFK cleanup initiated
1706277207.215720 2024-01-26 10:53:27 MainProcess-7704 MainThread-140579238610752 parsl.dataflow.dflow:1075 log_task_states INFO: Summary of tasks in DFK:
1706277207.215769 2024-01-26 10:53:27 MainProcess-7704 MainThread-140579238610752 parsl.dataflow.dflow:1079 log_task_states INFO: Tasks in state States.unsched: 0
1706277207.215810 2024-01-26 10:53:27 MainProcess-7704 MainThread-140579238610752 parsl.dataflow.dflow:1079 log_task_states INFO: Tasks in state States.pending: 0
1706277207.215846 2024-01-26 10:53:27 MainProcess-7704 MainThread-140579238610752 parsl.dataflow.dflow:1079 log_task_states INFO: Tasks in state States.running: 0
1706277207.215881 2024-01-26 10:53:27 MainProcess-7704 MainThread-140579238610752 parsl.dataflow.dflow:1079 log_task_states INFO: Tasks in state States.exec_done: 2
1706277207.215916 2024-01-26 10:53:27 MainProcess-7704 MainThread-140579238610752 parsl.dataflow.dflow:1079 log_task_states INFO: Tasks in state States.failed: 0
1706277207.215950 2024-01-26 10:53:27 MainProcess-7704 MainThread-140579238610752 parsl.dataflow.dflow:1079 log_task_states INFO: Tasks in state States.dep_fail: 0
1706277207.215984 2024-01-26 10:53:27 MainProcess-7704 MainThread-140579238610752 parsl.dataflow.dflow:1079 log_task_states INFO: Tasks in state States.launched: 0
1706277207.216017 2024-01-26 10:53:27 MainProcess-7704 MainThread-140579238610752 parsl.dataflow.dflow:1079 log_task_states INFO: Tasks in state States.fail_retryable: 0
1706277207.216051 2024-01-26 10:53:27 MainProcess-7704 MainThread-140579238610752 parsl.dataflow.dflow:1079 log_task_states INFO: Tasks in state States.memo_done: 0
1706277207.216084 2024-01-26 10:53:27 MainProcess-7704 MainThread-140579238610752 parsl.dataflow.dflow:1079 log_task_states INFO: Tasks in state States.joining: 0
1706277207.216118 2024-01-26 10:53:27 MainProcess-7704 MainThread-140579238610752 parsl.dataflow.dflow:1079 log_task_states INFO: Tasks in state States.running_ended: 0
1706277207.216154 2024-01-26 10:53:27 MainProcess-7704 MainThread-140579238610752 parsl.dataflow.dflow:1081 log_task_states INFO: End of summary
1706277207.216221 2024-01-26 10:53:27 MainProcess-7704 MainThread-140579238610752 parsl.dataflow.dflow:1206 cleanup INFO: Closing job status poller
1706277207.216328 2024-01-26 10:53:27 MainProcess-7704 MainThread-140579238610752 parsl.dataflow.dflow:1208 cleanup INFO: Terminated job status poller
1706277207.216393 2024-01-26 10:53:27 MainProcess-7704 MainThread-140579238610752 parsl.dataflow.dflow:1210 cleanup INFO: Scaling in and shutting down executors
1706277207.216457 2024-01-26 10:53:27 MainProcess-7704 MainThread-140579238610752 parsl.dataflow.dflow:1228 cleanup INFO: Shutting down executor threads
1706277207.216531 2024-01-26 10:53:27 MainProcess-7704 MainThread-140579238610752 parsl.executors.threads:74 shutdown DEBUG: Shutting down executor, which involves waiting for running tasks to complete
1706277207.216595 2024-01-26 10:53:27 MainProcess-7704 MainThread-140579238610752 parsl.executors.threads:76 shutdown DEBUG: Done with executor shutdown
1706277207.216653 2024-01-26 10:53:27 MainProcess-7704 MainThread-140579238610752 parsl.dataflow.dflow:1230 cleanup INFO: Shut down executor threads
1706277207.216714 2024-01-26 10:53:27 MainProcess-7704 MainThread-140579238610752 parsl.dataflow.dflow:1228 cleanup INFO: Shutting down executor _parsl_internal
1706277207.216774 2024-01-26 10:53:27 MainProcess-7704 MainThread-140579238610752 parsl.executors.threads:74 shutdown DEBUG: Shutting down executor, which involves waiting for running tasks to complete
1706277207.216837 2024-01-26 10:53:27 MainProcess-7704 MainThread-140579238610752 parsl.executors.threads:76 shutdown DEBUG: Done with executor shutdown
1706277207.216905 2024-01-26 10:53:27 MainProcess-7704 MainThread-140579238610752 parsl.dataflow.dflow:1230 cleanup INFO: Shut down executor _parsl_internal
1706277207.216961 2024-01-26 10:53:27 MainProcess-7704 MainThread-140579238610752 parsl.dataflow.dflow:1232 cleanup INFO: Terminated executors
1706277207.217032 2024-01-26 10:53:27 MainProcess-7704 MainThread-140579238610752 parsl.dataflow.dflow:1249 cleanup INFO: DFK cleanup complete
1706277207.217124 2024-01-26 10:53:27 MainProcess-7704 MainThread-140579238610752 parsl.process_loggers:28 wrapped DEBUG: Normal ending for cleanup on thread MainThread
