1706277676.759211 2024-01-26 11:01:16 MainProcess-7939 MainThread-140029068777280 parsl.dataflow.dflow:91 __init__ INFO: Starting DataFlowKernel with config
Config(
    app_cache=True, 
    checkpoint_files=None, 
    checkpoint_mode=None, 
    checkpoint_period=None, 
    executors=(ThreadPoolExecutor(
        label='threads', 
        max_threads=2, 
        storage_access=None, 
        thread_name_prefix='', 
        working_dir=None
    ),), 
    garbage_collect=True, 
    initialize_logging=True, 
    internal_tasks_max_threads=10, 
    max_idletime=120.0, 
    monitoring=None, 
    retries=0, 
    retry_handler=None, 
    run_dir='runinfo', 
    strategy='simple', 
    usage_tracking=False
)
1706277676.759565 2024-01-26 11:01:16 MainProcess-7939 MainThread-140029068777280 parsl.dataflow.dflow:93 __init__ INFO: Parsl version: 2024.01.22
1706277676.759826 2024-01-26 11:01:16 MainProcess-7939 MainThread-140029068777280 parsl.usage_tracking.usage:127 __init__ DEBUG: Tracking status: False
1706277676.759978 2024-01-26 11:01:16 MainProcess-7939 MainThread-140029068777280 parsl.dataflow.dflow:121 __init__ INFO: Run id is: be313758-2e89-49a2-be0e-4396de4b3d44
1706277676.804744 2024-01-26 11:01:16 MainProcess-7939 MainThread-140029068777280 parsl.dataflow.dflow:128 __init__ DEBUG: Considering candidate for workflow name: /home/brenddon/.local/lib/python3.12/site-packages/parsl/dataflow/dflow.py
1706277676.804836 2024-01-26 11:01:16 MainProcess-7939 MainThread-140029068777280 parsl.dataflow.dflow:128 __init__ DEBUG: Considering candidate for workflow name: /home/brenddon/.local/lib/python3.12/site-packages/typeguard/__init__.py
1706277676.804887 2024-01-26 11:01:16 MainProcess-7939 MainThread-140029068777280 parsl.dataflow.dflow:128 __init__ DEBUG: Considering candidate for workflow name: /home/brenddon/.local/lib/python3.12/site-packages/parsl/dataflow/dflow.py
1706277676.804928 2024-01-26 11:01:16 MainProcess-7939 MainThread-140029068777280 parsl.dataflow.dflow:128 __init__ DEBUG: Considering candidate for workflow name: /home/brenddon/.local/lib/python3.12/site-packages/typeguard/__init__.py
1706277676.804967 2024-01-26 11:01:16 MainProcess-7939 MainThread-140029068777280 parsl.dataflow.dflow:128 __init__ DEBUG: Considering candidate for workflow name: /home/brenddon/Documents/lncc/programaDeVerao2024/parte2/workflowsPythonParsl/conteudo/02-Import/02_import.py
1706277676.805008 2024-01-26 11:01:16 MainProcess-7939 MainThread-140029068777280 parsl.dataflow.dflow:134 __init__ DEBUG: Using 02_import.py as workflow name
1706277676.805176 2024-01-26 11:01:16 MainProcess-7939 MainThread-140029068777280 parsl.dataflow.memoization:163 __init__ INFO: App caching initialized
1706277676.805251 2024-01-26 11:01:16 MainProcess-7939 MainThread-140029068777280 parsl.jobs.strategy:143 __init__ DEBUG: Scaling strategy: simple
1706277676.809349 2024-01-26 11:01:16 MainProcess-7939 MainThread-140029068777280 parsl.dataflow.dflow:949 submit DEBUG: Task 0 will be sent to executor threads
1706277676.809526 2024-01-26 11:01:16 MainProcess-7939 MainThread-140029068777280 parsl.dataflow.dflow:764 _add_output_deps DEBUG: Adding output dependencies
1706277676.809619 2024-01-26 11:01:16 MainProcess-7939 MainThread-140029068777280 parsl.dataflow.dflow:1031 submit INFO: Task 0 submitted for App hello_python, not waiting on any dependency
1706277676.809738 2024-01-26 11:01:16 MainProcess-7939 MainThread-140029068777280 parsl.dataflow.dflow:1037 submit DEBUG: Task 0 set to pending state with AppFuture: <AppFuture at 0x7f5b0c8c0da0 state=pending>
1706277676.809830 2024-01-26 11:01:16 MainProcess-7939 MainThread-140029068777280 parsl.dataflow.memoization:222 check_memo DEBUG: Task 0 will not be memoized
1706277676.810277 2024-01-26 11:01:16 MainProcess-7939 MainThread-140029068777280 parsl.dataflow.dflow:727 launch_task INFO: Parsl task 0 try 0 launched on executor threads
1706277676.810385 2024-01-26 11:01:16 MainProcess-7939 MainThread-140029068777280 parsl.dataflow.dflow:551 _complete_task INFO: Task 0 completed (launched -> exec_done)
1706277676.810597 2024-01-26 11:01:16 MainProcess-7939 MainThread-140029068777280 parsl.dataflow.dflow:1145 atexit_cleanup INFO: DFK cleanup because python process is exiting
1706277676.810710 2024-01-26 11:01:16 MainProcess-7939 MainThread-140029068777280 parsl.dataflow.dflow:1182 cleanup INFO: DFK cleanup initiated
1706277676.810774 2024-01-26 11:01:16 MainProcess-7939 MainThread-140029068777280 parsl.dataflow.dflow:1075 log_task_states INFO: Summary of tasks in DFK:
1706277676.810844 2024-01-26 11:01:16 MainProcess-7939 MainThread-140029068777280 parsl.dataflow.dflow:1079 log_task_states INFO: Tasks in state States.unsched: 0
1706277676.810908 2024-01-26 11:01:16 MainProcess-7939 MainThread-140029068777280 parsl.dataflow.dflow:1079 log_task_states INFO: Tasks in state States.pending: 0
1706277676.810969 2024-01-26 11:01:16 MainProcess-7939 MainThread-140029068777280 parsl.dataflow.dflow:1079 log_task_states INFO: Tasks in state States.running: 0
1706277676.811015 2024-01-26 11:01:16 MainProcess-7939 MainThread-140029068777280 parsl.dataflow.dflow:1079 log_task_states INFO: Tasks in state States.exec_done: 1
1706277676.811051 2024-01-26 11:01:16 MainProcess-7939 MainThread-140029068777280 parsl.dataflow.dflow:1079 log_task_states INFO: Tasks in state States.failed: 0
1706277676.811088 2024-01-26 11:01:16 MainProcess-7939 MainThread-140029068777280 parsl.dataflow.dflow:1079 log_task_states INFO: Tasks in state States.dep_fail: 0
1706277676.811122 2024-01-26 11:01:16 MainProcess-7939 MainThread-140029068777280 parsl.dataflow.dflow:1079 log_task_states INFO: Tasks in state States.launched: 0
1706277676.811156 2024-01-26 11:01:16 MainProcess-7939 MainThread-140029068777280 parsl.dataflow.dflow:1079 log_task_states INFO: Tasks in state States.fail_retryable: 0
1706277676.811190 2024-01-26 11:01:16 MainProcess-7939 MainThread-140029068777280 parsl.dataflow.dflow:1079 log_task_states INFO: Tasks in state States.memo_done: 0
1706277676.811223 2024-01-26 11:01:16 MainProcess-7939 MainThread-140029068777280 parsl.dataflow.dflow:1079 log_task_states INFO: Tasks in state States.joining: 0
1706277676.811257 2024-01-26 11:01:16 MainProcess-7939 MainThread-140029068777280 parsl.dataflow.dflow:1079 log_task_states INFO: Tasks in state States.running_ended: 0
1706277676.811289 2024-01-26 11:01:16 MainProcess-7939 MainThread-140029068777280 parsl.dataflow.dflow:1081 log_task_states INFO: End of summary
1706277676.811355 2024-01-26 11:01:16 MainProcess-7939 MainThread-140029068777280 parsl.dataflow.dflow:1206 cleanup INFO: Closing job status poller
1706277676.811476 2024-01-26 11:01:16 MainProcess-7939 MainThread-140029068777280 parsl.dataflow.dflow:1208 cleanup INFO: Terminated job status poller
1706277676.811517 2024-01-26 11:01:16 MainProcess-7939 MainThread-140029068777280 parsl.dataflow.dflow:1210 cleanup INFO: Scaling in and shutting down executors
1706277676.811585 2024-01-26 11:01:16 MainProcess-7939 MainThread-140029068777280 parsl.dataflow.dflow:1228 cleanup INFO: Shutting down executor threads
1706277676.811647 2024-01-26 11:01:16 MainProcess-7939 MainThread-140029068777280 parsl.executors.threads:74 shutdown DEBUG: Shutting down executor, which involves waiting for running tasks to complete
1706277676.811714 2024-01-26 11:01:16 MainProcess-7939 MainThread-140029068777280 parsl.executors.threads:76 shutdown DEBUG: Done with executor shutdown
1706277676.811753 2024-01-26 11:01:16 MainProcess-7939 MainThread-140029068777280 parsl.dataflow.dflow:1230 cleanup INFO: Shut down executor threads
1706277676.811791 2024-01-26 11:01:16 MainProcess-7939 MainThread-140029068777280 parsl.dataflow.dflow:1228 cleanup INFO: Shutting down executor _parsl_internal
1706277676.811825 2024-01-26 11:01:16 MainProcess-7939 MainThread-140029068777280 parsl.executors.threads:74 shutdown DEBUG: Shutting down executor, which involves waiting for running tasks to complete
1706277676.811860 2024-01-26 11:01:16 MainProcess-7939 MainThread-140029068777280 parsl.executors.threads:76 shutdown DEBUG: Done with executor shutdown
1706277676.811894 2024-01-26 11:01:16 MainProcess-7939 MainThread-140029068777280 parsl.dataflow.dflow:1230 cleanup INFO: Shut down executor _parsl_internal
1706277676.811938 2024-01-26 11:01:16 MainProcess-7939 MainThread-140029068777280 parsl.dataflow.dflow:1232 cleanup INFO: Terminated executors
1706277676.811978 2024-01-26 11:01:16 MainProcess-7939 MainThread-140029068777280 parsl.dataflow.dflow:1249 cleanup INFO: DFK cleanup complete
1706277676.812015 2024-01-26 11:01:16 MainProcess-7939 MainThread-140029068777280 parsl.process_loggers:28 wrapped DEBUG: Normal ending for cleanup on thread MainThread
