1706278896.664143 2024-01-26 11:21:36 MainProcess-8611 MainThread-139955270453056 parsl.dataflow.dflow:91 __init__ INFO: Starting DataFlowKernel with config
Config(
    app_cache=True, 
    checkpoint_files=None, 
    checkpoint_mode=None, 
    checkpoint_period=None, 
    executors=(ThreadPoolExecutor(
        label='threads', 
        max_threads=2, 
        storage_access=None, 
        thread_name_prefix='', 
        working_dir=None
    ),), 
    garbage_collect=True, 
    initialize_logging=True, 
    internal_tasks_max_threads=10, 
    max_idletime=120.0, 
    monitoring=None, 
    retries=0, 
    retry_handler=None, 
    run_dir='runinfo', 
    strategy='simple', 
    usage_tracking=False
)
1706278896.664336 2024-01-26 11:21:36 MainProcess-8611 MainThread-139955270453056 parsl.dataflow.dflow:93 __init__ INFO: Parsl version: 2024.01.22
1706278896.664454 2024-01-26 11:21:36 MainProcess-8611 MainThread-139955270453056 parsl.usage_tracking.usage:127 __init__ DEBUG: Tracking status: False
1706278896.664564 2024-01-26 11:21:36 MainProcess-8611 MainThread-139955270453056 parsl.dataflow.dflow:121 __init__ INFO: Run id is: 173680ab-22ca-4abb-8ea4-9f72a02dff12
1706278896.701218 2024-01-26 11:21:36 MainProcess-8611 MainThread-139955270453056 parsl.dataflow.dflow:128 __init__ DEBUG: Considering candidate for workflow name: /home/brenddon/.local/lib/python3.12/site-packages/parsl/dataflow/dflow.py
1706278896.701325 2024-01-26 11:21:36 MainProcess-8611 MainThread-139955270453056 parsl.dataflow.dflow:128 __init__ DEBUG: Considering candidate for workflow name: /home/brenddon/.local/lib/python3.12/site-packages/typeguard/__init__.py
1706278896.701377 2024-01-26 11:21:36 MainProcess-8611 MainThread-139955270453056 parsl.dataflow.dflow:128 __init__ DEBUG: Considering candidate for workflow name: /home/brenddon/.local/lib/python3.12/site-packages/parsl/dataflow/dflow.py
1706278896.701421 2024-01-26 11:21:36 MainProcess-8611 MainThread-139955270453056 parsl.dataflow.dflow:128 __init__ DEBUG: Considering candidate for workflow name: /home/brenddon/.local/lib/python3.12/site-packages/typeguard/__init__.py
1706278896.701461 2024-01-26 11:21:36 MainProcess-8611 MainThread-139955270453056 parsl.dataflow.dflow:128 __init__ DEBUG: Considering candidate for workflow name: /home/brenddon/Documents/lncc/programaDeVerao2024/parte2/workflowsPythonParsl/conteudo/08-MapReduce/08_mapreduce.py
1706278896.701503 2024-01-26 11:21:36 MainProcess-8611 MainThread-139955270453056 parsl.dataflow.dflow:134 __init__ DEBUG: Using 08_mapreduce.py as workflow name
1706278896.701727 2024-01-26 11:21:36 MainProcess-8611 MainThread-139955270453056 parsl.dataflow.memoization:163 __init__ INFO: App caching initialized
1706278896.701827 2024-01-26 11:21:36 MainProcess-8611 MainThread-139955270453056 parsl.jobs.strategy:143 __init__ DEBUG: Scaling strategy: simple
1706278896.705705 2024-01-26 11:21:36 MainProcess-8611 MainThread-139955270453056 parsl.dataflow.dflow:949 submit DEBUG: Task 0 will be sent to executor threads
1706278896.705879 2024-01-26 11:21:36 MainProcess-8611 MainThread-139955270453056 parsl.dataflow.dflow:764 _add_output_deps DEBUG: Adding output dependencies
1706278896.705971 2024-01-26 11:21:36 MainProcess-8611 MainThread-139955270453056 parsl.dataflow.dflow:1031 submit INFO: Task 0 submitted for App app_double, not waiting on any dependency
1706278896.706064 2024-01-26 11:21:36 MainProcess-8611 MainThread-139955270453056 parsl.dataflow.dflow:1037 submit DEBUG: Task 0 set to pending state with AppFuture: <AppFuture at 0x7f49df447320 state=pending>
1706278896.706136 2024-01-26 11:21:36 MainProcess-8611 MainThread-139955270453056 parsl.dataflow.memoization:222 check_memo DEBUG: Task 0 will not be memoized
1706278896.706473 2024-01-26 11:21:36 MainProcess-8611 MainThread-139955270453056 parsl.dataflow.dflow:727 launch_task INFO: Parsl task 0 try 0 launched on executor threads
1706278896.706551 2024-01-26 11:21:36 MainProcess-8611 MainThread-139955270453056 parsl.dataflow.dflow:551 _complete_task INFO: Task 0 completed (launched -> exec_done)
1706278896.706643 2024-01-26 11:21:36 MainProcess-8611 MainThread-139955270453056 parsl.dataflow.dflow:949 submit DEBUG: Task 1 will be sent to executor threads
1706278896.706771 2024-01-26 11:21:36 MainProcess-8611 MainThread-139955270453056 parsl.dataflow.dflow:764 _add_output_deps DEBUG: Adding output dependencies
1706278896.706828 2024-01-26 11:21:36 MainProcess-8611 MainThread-139955270453056 parsl.dataflow.dflow:1031 submit INFO: Task 1 submitted for App app_double, not waiting on any dependency
1706278896.706885 2024-01-26 11:21:36 MainProcess-8611 MainThread-139955270453056 parsl.dataflow.dflow:1037 submit DEBUG: Task 1 set to pending state with AppFuture: <AppFuture at 0x7f49dd2eb830 state=pending>
1706278896.706935 2024-01-26 11:21:36 MainProcess-8611 MainThread-139955270453056 parsl.dataflow.memoization:222 check_memo DEBUG: Task 1 will not be memoized
1706278896.707007 2024-01-26 11:21:36 MainProcess-8611 MainThread-139955270453056 parsl.dataflow.dflow:727 launch_task INFO: Parsl task 1 try 0 launched on executor threads
1706278896.707114 2024-01-26 11:21:36 MainProcess-8611 MainThread-139955270453056 parsl.dataflow.dflow:551 _complete_task INFO: Task 1 completed (launched -> exec_done)
1706278896.707187 2024-01-26 11:21:36 MainProcess-8611 MainThread-139955270453056 parsl.dataflow.dflow:949 submit DEBUG: Task 2 will be sent to executor threads
1706278896.707263 2024-01-26 11:21:36 MainProcess-8611 MainThread-139955270453056 parsl.dataflow.dflow:764 _add_output_deps DEBUG: Adding output dependencies
1706278896.707312 2024-01-26 11:21:36 MainProcess-8611 MainThread-139955270453056 parsl.dataflow.dflow:1031 submit INFO: Task 2 submitted for App app_double, not waiting on any dependency
1706278896.707363 2024-01-26 11:21:36 MainProcess-8611 MainThread-139955270453056 parsl.dataflow.dflow:1037 submit DEBUG: Task 2 set to pending state with AppFuture: <AppFuture at 0x7f49dd2eb920 state=pending>
1706278896.707406 2024-01-26 11:21:36 MainProcess-8611 MainThread-139955270453056 parsl.dataflow.memoization:222 check_memo DEBUG: Task 2 will not be memoized
1706278896.707465 2024-01-26 11:21:36 MainProcess-8611 MainThread-139955270453056 parsl.dataflow.dflow:727 launch_task INFO: Parsl task 2 try 0 launched on executor threads
1706278896.707554 2024-01-26 11:21:36 MainProcess-8611 MainThread-139955270453056 parsl.dataflow.dflow:551 _complete_task INFO: Task 2 completed (launched -> exec_done)
1706278896.707617 2024-01-26 11:21:36 MainProcess-8611 MainThread-139955270453056 parsl.dataflow.dflow:949 submit DEBUG: Task 3 will be sent to executor threads
1706278896.707826 2024-01-26 11:21:36 MainProcess-8611 MainThread-139955270453056 parsl.dataflow.dflow:764 _add_output_deps DEBUG: Adding output dependencies
1706278896.707901 2024-01-26 11:21:36 MainProcess-8611 MainThread-139955270453056 parsl.dataflow.dflow:1031 submit INFO: Task 3 submitted for App app_double, not waiting on any dependency
1706278896.707968 2024-01-26 11:21:36 MainProcess-8611 MainThread-139955270453056 parsl.dataflow.dflow:1037 submit DEBUG: Task 3 set to pending state with AppFuture: <AppFuture at 0x7f49dd2ebaa0 state=pending>
1706278896.708014 2024-01-26 11:21:36 MainProcess-8611 MainThread-139955270453056 parsl.dataflow.memoization:222 check_memo DEBUG: Task 3 will not be memoized
1706278896.708078 2024-01-26 11:21:36 MainProcess-8611 MainThread-139955270453056 parsl.dataflow.dflow:727 launch_task INFO: Parsl task 3 try 0 launched on executor threads
1706278896.708190 2024-01-26 11:21:36 MainProcess-8611 MainThread-139955270453056 parsl.dataflow.dflow:551 _complete_task INFO: Task 3 completed (launched -> exec_done)
1706278896.708291 2024-01-26 11:21:36 MainProcess-8611 MainThread-139955270453056 parsl.dataflow.dflow:949 submit DEBUG: Task 4 will be sent to executor threads
1706278896.708378 2024-01-26 11:21:36 MainProcess-8611 MainThread-139955270453056 parsl.dataflow.dflow:764 _add_output_deps DEBUG: Adding output dependencies
1706278896.708441 2024-01-26 11:21:36 MainProcess-8611 MainThread-139955270453056 parsl.dataflow.dflow:1031 submit INFO: Task 4 submitted for App app_sum, waiting on task 0, task 1, task 2, task 3
1706278896.708507 2024-01-26 11:21:36 MainProcess-8611 MainThread-139955270453056 parsl.dataflow.dflow:1037 submit DEBUG: Task 4 set to pending state with AppFuture: <AppFuture at 0x7f49dd2ebcb0 state=pending>
1706278896.708575 2024-01-26 11:21:36 MainProcess-8611 MainThread-139955270453056 parsl.dataflow.memoization:222 check_memo DEBUG: Task 4 will not be memoized
1706278896.708635 2024-01-26 11:21:36 MainProcess-8611 MainThread-139955270453056 parsl.dataflow.dflow:727 launch_task INFO: Parsl task 4 try 0 launched on executor threads
1706278896.708750 2024-01-26 11:21:36 MainProcess-8611 MainThread-139955270453056 parsl.dataflow.dflow:551 _complete_task INFO: Task 4 completed (launched -> exec_done)
1706278896.708837 2024-01-26 11:21:36 MainProcess-8611 MainThread-139955270453056 parsl.dataflow.dflow:610 launch_if_ready DEBUG: Task 4 is not pending, so launch_if_ready skipping
1706278896.708903 2024-01-26 11:21:36 MainProcess-8611 MainThread-139955270453056 parsl.dataflow.dflow:610 launch_if_ready DEBUG: Task 4 is not pending, so launch_if_ready skipping
1706278896.708951 2024-01-26 11:21:36 MainProcess-8611 MainThread-139955270453056 parsl.dataflow.dflow:610 launch_if_ready DEBUG: Task 4 is not pending, so launch_if_ready skipping
1706278896.708986 2024-01-26 11:21:36 MainProcess-8611 MainThread-139955270453056 parsl.dataflow.dflow:610 launch_if_ready DEBUG: Task 4 is not pending, so launch_if_ready skipping
1706278896.709170 2024-01-26 11:21:36 MainProcess-8611 MainThread-139955270453056 parsl.dataflow.dflow:1145 atexit_cleanup INFO: DFK cleanup because python process is exiting
1706278896.709253 2024-01-26 11:21:36 MainProcess-8611 MainThread-139955270453056 parsl.dataflow.dflow:1182 cleanup INFO: DFK cleanup initiated
1706278896.709311 2024-01-26 11:21:36 MainProcess-8611 MainThread-139955270453056 parsl.dataflow.dflow:1075 log_task_states INFO: Summary of tasks in DFK:
1706278896.709384 2024-01-26 11:21:36 MainProcess-8611 MainThread-139955270453056 parsl.dataflow.dflow:1079 log_task_states INFO: Tasks in state States.unsched: 0
1706278896.709446 2024-01-26 11:21:36 MainProcess-8611 MainThread-139955270453056 parsl.dataflow.dflow:1079 log_task_states INFO: Tasks in state States.pending: 0
1706278896.709512 2024-01-26 11:21:36 MainProcess-8611 MainThread-139955270453056 parsl.dataflow.dflow:1079 log_task_states INFO: Tasks in state States.running: 0
1706278896.709573 2024-01-26 11:21:36 MainProcess-8611 MainThread-139955270453056 parsl.dataflow.dflow:1079 log_task_states INFO: Tasks in state States.exec_done: 5
1706278896.709633 2024-01-26 11:21:36 MainProcess-8611 MainThread-139955270453056 parsl.dataflow.dflow:1079 log_task_states INFO: Tasks in state States.failed: 0
1706278896.709701 2024-01-26 11:21:36 MainProcess-8611 MainThread-139955270453056 parsl.dataflow.dflow:1079 log_task_states INFO: Tasks in state States.dep_fail: 0
1706278896.709761 2024-01-26 11:21:36 MainProcess-8611 MainThread-139955270453056 parsl.dataflow.dflow:1079 log_task_states INFO: Tasks in state States.launched: 0
1706278896.709819 2024-01-26 11:21:36 MainProcess-8611 MainThread-139955270453056 parsl.dataflow.dflow:1079 log_task_states INFO: Tasks in state States.fail_retryable: 0
1706278896.709877 2024-01-26 11:21:36 MainProcess-8611 MainThread-139955270453056 parsl.dataflow.dflow:1079 log_task_states INFO: Tasks in state States.memo_done: 0
1706278896.709935 2024-01-26 11:21:36 MainProcess-8611 MainThread-139955270453056 parsl.dataflow.dflow:1079 log_task_states INFO: Tasks in state States.joining: 0
1706278896.709993 2024-01-26 11:21:36 MainProcess-8611 MainThread-139955270453056 parsl.dataflow.dflow:1079 log_task_states INFO: Tasks in state States.running_ended: 0
1706278896.710051 2024-01-26 11:21:36 MainProcess-8611 MainThread-139955270453056 parsl.dataflow.dflow:1081 log_task_states INFO: End of summary
1706278896.710121 2024-01-26 11:21:36 MainProcess-8611 MainThread-139955270453056 parsl.dataflow.dflow:1206 cleanup INFO: Closing job status poller
1706278896.710238 2024-01-26 11:21:36 MainProcess-8611 MainThread-139955270453056 parsl.dataflow.dflow:1208 cleanup INFO: Terminated job status poller
1706278896.710290 2024-01-26 11:21:36 MainProcess-8611 MainThread-139955270453056 parsl.dataflow.dflow:1210 cleanup INFO: Scaling in and shutting down executors
1706278896.710333 2024-01-26 11:21:36 MainProcess-8611 MainThread-139955270453056 parsl.dataflow.dflow:1228 cleanup INFO: Shutting down executor threads
1706278896.710371 2024-01-26 11:21:36 MainProcess-8611 MainThread-139955270453056 parsl.executors.threads:74 shutdown DEBUG: Shutting down executor, which involves waiting for running tasks to complete
1706278896.710411 2024-01-26 11:21:36 MainProcess-8611 MainThread-139955270453056 parsl.executors.threads:76 shutdown DEBUG: Done with executor shutdown
1706278896.710446 2024-01-26 11:21:36 MainProcess-8611 MainThread-139955270453056 parsl.dataflow.dflow:1230 cleanup INFO: Shut down executor threads
1706278896.710482 2024-01-26 11:21:36 MainProcess-8611 MainThread-139955270453056 parsl.dataflow.dflow:1228 cleanup INFO: Shutting down executor _parsl_internal
1706278896.710515 2024-01-26 11:21:36 MainProcess-8611 MainThread-139955270453056 parsl.executors.threads:74 shutdown DEBUG: Shutting down executor, which involves waiting for running tasks to complete
1706278896.710555 2024-01-26 11:21:36 MainProcess-8611 MainThread-139955270453056 parsl.executors.threads:76 shutdown DEBUG: Done with executor shutdown
1706278896.710624 2024-01-26 11:21:36 MainProcess-8611 MainThread-139955270453056 parsl.dataflow.dflow:1230 cleanup INFO: Shut down executor _parsl_internal
1706278896.710690 2024-01-26 11:21:36 MainProcess-8611 MainThread-139955270453056 parsl.dataflow.dflow:1232 cleanup INFO: Terminated executors
1706278896.710761 2024-01-26 11:21:36 MainProcess-8611 MainThread-139955270453056 parsl.dataflow.dflow:1249 cleanup INFO: DFK cleanup complete
1706278896.710808 2024-01-26 11:21:36 MainProcess-8611 MainThread-139955270453056 parsl.process_loggers:28 wrapped DEBUG: Normal ending for cleanup on thread MainThread
