1706279159.846686 2024-01-26 11:25:59 MainProcess-8766 MainThread-140075838134080 parsl.dataflow.dflow:91 __init__ INFO: Starting DataFlowKernel with config
Config(
    app_cache=True, 
    checkpoint_files=None, 
    checkpoint_mode=None, 
    checkpoint_period=None, 
    executors=(ThreadPoolExecutor(
        label='threads', 
        max_threads=2, 
        storage_access=None, 
        thread_name_prefix='', 
        working_dir=None
    ),), 
    garbage_collect=True, 
    initialize_logging=True, 
    internal_tasks_max_threads=10, 
    max_idletime=120.0, 
    monitoring=None, 
    retries=0, 
    retry_handler=None, 
    run_dir='result1', 
    strategy='simple', 
    usage_tracking=False
)
1706279159.846883 2024-01-26 11:25:59 MainProcess-8766 MainThread-140075838134080 parsl.dataflow.dflow:93 __init__ INFO: Parsl version: 2024.01.22
1706279159.847001 2024-01-26 11:25:59 MainProcess-8766 MainThread-140075838134080 parsl.usage_tracking.usage:127 __init__ DEBUG: Tracking status: False
1706279159.847146 2024-01-26 11:25:59 MainProcess-8766 MainThread-140075838134080 parsl.dataflow.dflow:121 __init__ INFO: Run id is: 687d3b06-773c-4e74-a846-daf3adb6a977
1706279159.888603 2024-01-26 11:25:59 MainProcess-8766 MainThread-140075838134080 parsl.dataflow.dflow:128 __init__ DEBUG: Considering candidate for workflow name: /home/brenddon/.local/lib/python3.12/site-packages/parsl/dataflow/dflow.py
1706279159.888720 2024-01-26 11:25:59 MainProcess-8766 MainThread-140075838134080 parsl.dataflow.dflow:128 __init__ DEBUG: Considering candidate for workflow name: /home/brenddon/.local/lib/python3.12/site-packages/typeguard/__init__.py
1706279159.888839 2024-01-26 11:25:59 MainProcess-8766 MainThread-140075838134080 parsl.dataflow.dflow:128 __init__ DEBUG: Considering candidate for workflow name: /home/brenddon/.local/lib/python3.12/site-packages/parsl/dataflow/dflow.py
1706279159.888883 2024-01-26 11:25:59 MainProcess-8766 MainThread-140075838134080 parsl.dataflow.dflow:128 __init__ DEBUG: Considering candidate for workflow name: /home/brenddon/.local/lib/python3.12/site-packages/typeguard/__init__.py
1706279159.888921 2024-01-26 11:25:59 MainProcess-8766 MainThread-140075838134080 parsl.dataflow.dflow:128 __init__ DEBUG: Considering candidate for workflow name: /home/brenddon/Documents/lncc/programaDeVerao2024/parte2/workflowsPythonParsl/conteudo/11-Hierarchical/app/05_monte_carlo_pi.py
1706279159.888959 2024-01-26 11:25:59 MainProcess-8766 MainThread-140075838134080 parsl.dataflow.dflow:134 __init__ DEBUG: Using 05_monte_carlo_pi.py as workflow name
1706279159.889119 2024-01-26 11:25:59 MainProcess-8766 MainThread-140075838134080 parsl.dataflow.memoization:163 __init__ INFO: App caching initialized
1706279159.889180 2024-01-26 11:25:59 MainProcess-8766 MainThread-140075838134080 parsl.jobs.strategy:143 __init__ DEBUG: Scaling strategy: simple
1706279159.892670 2024-01-26 11:25:59 MainProcess-8766 MainThread-140075838134080 parsl.dataflow.dflow:949 submit DEBUG: Task 0 will be sent to executor threads
1706279159.892794 2024-01-26 11:25:59 MainProcess-8766 MainThread-140075838134080 parsl.dataflow.dflow:764 _add_output_deps DEBUG: Adding output dependencies
1706279159.892855 2024-01-26 11:25:59 MainProcess-8766 MainThread-140075838134080 parsl.dataflow.dflow:1031 submit INFO: Task 0 submitted for App pi, not waiting on any dependency
1706279159.892921 2024-01-26 11:25:59 MainProcess-8766 MainThread-140075838134080 parsl.dataflow.dflow:1037 submit DEBUG: Task 0 set to pending state with AppFuture: <AppFuture at 0x7f65f05bbe90 state=pending>
1706279159.892976 2024-01-26 11:25:59 MainProcess-8766 MainThread-140075838134080 parsl.dataflow.memoization:222 check_memo DEBUG: Task 0 will not be memoized
1706279159.898320 2024-01-26 11:25:59 MainProcess-8766 MainThread-140075838134080 parsl.dataflow.dflow:727 launch_task INFO: Parsl task 0 try 0 launched on executor threads
1706279159.903502 2024-01-26 11:25:59 MainProcess-8766 MainThread-140075838134080 parsl.dataflow.dflow:949 submit DEBUG: Task 1 will be sent to executor threads
1706279159.908704 2024-01-26 11:25:59 MainProcess-8766 MainThread-140075838134080 parsl.dataflow.dflow:764 _add_output_deps DEBUG: Adding output dependencies
1706279159.913919 2024-01-26 11:25:59 MainProcess-8766 MainThread-140075838134080 parsl.dataflow.dflow:1031 submit INFO: Task 1 submitted for App pi, not waiting on any dependency
1706279159.919188 2024-01-26 11:25:59 MainProcess-8766 MainThread-140075838134080 parsl.dataflow.dflow:1037 submit DEBUG: Task 1 set to pending state with AppFuture: <AppFuture at 0x7f65ef8bbda0 state=pending>
1706279159.924463 2024-01-26 11:25:59 MainProcess-8766 MainThread-140075838134080 parsl.dataflow.memoization:222 check_memo DEBUG: Task 1 will not be memoized
1706279159.940245 2024-01-26 11:25:59 MainProcess-8766 MainThread-140075838134080 parsl.dataflow.dflow:727 launch_task INFO: Parsl task 1 try 0 launched on executor threads
1706279159.945544 2024-01-26 11:25:59 MainProcess-8766 MainThread-140075838134080 parsl.dataflow.dflow:949 submit DEBUG: Task 2 will be sent to executor threads
1706279159.950996 2024-01-26 11:25:59 MainProcess-8766 MainThread-140075838134080 parsl.dataflow.dflow:764 _add_output_deps DEBUG: Adding output dependencies
1706279159.956225 2024-01-26 11:25:59 MainProcess-8766 MainThread-140075838134080 parsl.dataflow.dflow:1031 submit INFO: Task 2 submitted for App pi, not waiting on any dependency
1706279159.961453 2024-01-26 11:25:59 MainProcess-8766 MainThread-140075838134080 parsl.dataflow.dflow:1037 submit DEBUG: Task 2 set to pending state with AppFuture: <AppFuture at 0x7f65ef7340e0 state=pending>
1706279159.966887 2024-01-26 11:25:59 MainProcess-8766 MainThread-140075838134080 parsl.dataflow.memoization:222 check_memo DEBUG: Task 2 will not be memoized
1706279159.967123 2024-01-26 11:25:59 MainProcess-8766 MainThread-140075838134080 parsl.dataflow.dflow:727 launch_task INFO: Parsl task 2 try 0 launched on executor threads
1706279159.972426 2024-01-26 11:25:59 MainProcess-8766 MainThread-140075838134080 parsl.dataflow.dflow:949 submit DEBUG: Task 3 will be sent to executor threads
1706279159.977697 2024-01-26 11:25:59 MainProcess-8766 MainThread-140075838134080 parsl.dataflow.dflow:764 _add_output_deps DEBUG: Adding output dependencies
1706279159.982951 2024-01-26 11:25:59 MainProcess-8766 MainThread-140075838134080 parsl.dataflow.dflow:1031 submit INFO: Task 3 submitted for App my_sum, waiting on task 0, task 1, task 2
1706279159.983114 2024-01-26 11:25:59 MainProcess-8766 MainThread-140075838134080 parsl.dataflow.dflow:1037 submit DEBUG: Task 3 set to pending state with AppFuture: <AppFuture at 0x7f65ef734290 state=pending>
1706279159.988343 2024-01-26 11:25:59 MainProcess-8766 MainThread-140075838134080 parsl.dataflow.dflow:614 launch_if_ready DEBUG: Task 3 has outstanding dependencies, so launch_if_ready skipping
1706279160.920765 2024-01-26 11:26:00 MainProcess-8766 JobStatusPoller-Timer-Thread-140075787013296-140075785385664 parsl.jobs.strategy:176 _general_strategy DEBUG: general strategy starting with strategy_type simple for 0 executors
1706279160.926052 2024-01-26 11:26:00 MainProcess-8766 JobStatusPoller-Timer-Thread-140075787013296-140075785385664 parsl.process_loggers:28 wrapped DEBUG: Normal ending for _general_strategy on thread JobStatusPoller-Timer-Thread-140075787013296
1706279164.751855 2024-01-26 11:26:04 MainProcess-8766 ThreadPoolExecutor-0_0-140075776992960 parsl.dataflow.dflow:551 _complete_task INFO: Task 0 completed (launched -> exec_done)
1706279164.751963 2024-01-26 11:26:04 MainProcess-8766 ThreadPoolExecutor-0_0-140075776992960 parsl.dataflow.dflow:614 launch_if_ready DEBUG: Task 3 has outstanding dependencies, so launch_if_ready skipping
1706279164.869607 2024-01-26 11:26:04 MainProcess-8766 ThreadPoolExecutor-0_1-140075768600256 parsl.dataflow.dflow:551 _complete_task INFO: Task 1 completed (launched -> exec_done)
1706279164.869830 2024-01-26 11:26:04 MainProcess-8766 ThreadPoolExecutor-0_1-140075768600256 parsl.dataflow.dflow:614 launch_if_ready DEBUG: Task 3 has outstanding dependencies, so launch_if_ready skipping
1706279165.926333 2024-01-26 11:26:05 MainProcess-8766 JobStatusPoller-Timer-Thread-140075787013296-140075785385664 parsl.jobs.strategy:176 _general_strategy DEBUG: general strategy starting with strategy_type simple for 0 executors
1706279165.926471 2024-01-26 11:26:05 MainProcess-8766 JobStatusPoller-Timer-Thread-140075787013296-140075785385664 parsl.process_loggers:28 wrapped DEBUG: Normal ending for _general_strategy on thread JobStatusPoller-Timer-Thread-140075787013296
1706279166.813867 2024-01-26 11:26:06 MainProcess-8766 ThreadPoolExecutor-0_0-140075776992960 parsl.dataflow.dflow:551 _complete_task INFO: Task 2 completed (launched -> exec_done)
1706279166.813998 2024-01-26 11:26:06 MainProcess-8766 ThreadPoolExecutor-0_0-140075776992960 parsl.dataflow.memoization:222 check_memo DEBUG: Task 3 will not be memoized
1706279166.814083 2024-01-26 11:26:06 MainProcess-8766 ThreadPoolExecutor-0_0-140075776992960 parsl.dataflow.dflow:727 launch_task INFO: Parsl task 3 try 0 launched on executor threads
1706279166.814233 2024-01-26 11:26:06 MainProcess-8766 ThreadPoolExecutor-0_0-140075776992960 parsl.dataflow.dflow:551 _complete_task INFO: Task 3 completed (launched -> exec_done)
1706279166.814570 2024-01-26 11:26:06 MainProcess-8766 MainThread-140075838134080 parsl.dataflow.dflow:1145 atexit_cleanup INFO: DFK cleanup because python process is exiting
1706279166.814653 2024-01-26 11:26:06 MainProcess-8766 MainThread-140075838134080 parsl.dataflow.dflow:1182 cleanup INFO: DFK cleanup initiated
1706279166.814719 2024-01-26 11:26:06 MainProcess-8766 MainThread-140075838134080 parsl.dataflow.dflow:1075 log_task_states INFO: Summary of tasks in DFK:
1706279166.814774 2024-01-26 11:26:06 MainProcess-8766 MainThread-140075838134080 parsl.dataflow.dflow:1079 log_task_states INFO: Tasks in state States.unsched: 0
1706279166.814816 2024-01-26 11:26:06 MainProcess-8766 MainThread-140075838134080 parsl.dataflow.dflow:1079 log_task_states INFO: Tasks in state States.pending: 0
1706279166.814853 2024-01-26 11:26:06 MainProcess-8766 MainThread-140075838134080 parsl.dataflow.dflow:1079 log_task_states INFO: Tasks in state States.running: 0
1706279166.814888 2024-01-26 11:26:06 MainProcess-8766 MainThread-140075838134080 parsl.dataflow.dflow:1079 log_task_states INFO: Tasks in state States.exec_done: 4
1706279166.814926 2024-01-26 11:26:06 MainProcess-8766 MainThread-140075838134080 parsl.dataflow.dflow:1079 log_task_states INFO: Tasks in state States.failed: 0
1706279166.814961 2024-01-26 11:26:06 MainProcess-8766 MainThread-140075838134080 parsl.dataflow.dflow:1079 log_task_states INFO: Tasks in state States.dep_fail: 0
1706279166.814995 2024-01-26 11:26:06 MainProcess-8766 MainThread-140075838134080 parsl.dataflow.dflow:1079 log_task_states INFO: Tasks in state States.launched: 0
1706279166.815029 2024-01-26 11:26:06 MainProcess-8766 MainThread-140075838134080 parsl.dataflow.dflow:1079 log_task_states INFO: Tasks in state States.fail_retryable: 0
1706279166.815064 2024-01-26 11:26:06 MainProcess-8766 MainThread-140075838134080 parsl.dataflow.dflow:1079 log_task_states INFO: Tasks in state States.memo_done: 0
1706279166.815097 2024-01-26 11:26:06 MainProcess-8766 MainThread-140075838134080 parsl.dataflow.dflow:1079 log_task_states INFO: Tasks in state States.joining: 0
1706279166.815130 2024-01-26 11:26:06 MainProcess-8766 MainThread-140075838134080 parsl.dataflow.dflow:1079 log_task_states INFO: Tasks in state States.running_ended: 0
1706279166.815162 2024-01-26 11:26:06 MainProcess-8766 MainThread-140075838134080 parsl.dataflow.dflow:1081 log_task_states INFO: End of summary
1706279166.815225 2024-01-26 11:26:06 MainProcess-8766 MainThread-140075838134080 parsl.dataflow.dflow:1206 cleanup INFO: Closing job status poller
1706279166.815353 2024-01-26 11:26:06 MainProcess-8766 MainThread-140075838134080 parsl.dataflow.dflow:1208 cleanup INFO: Terminated job status poller
1706279166.815433 2024-01-26 11:26:06 MainProcess-8766 MainThread-140075838134080 parsl.dataflow.dflow:1210 cleanup INFO: Scaling in and shutting down executors
1706279166.815504 2024-01-26 11:26:06 MainProcess-8766 MainThread-140075838134080 parsl.dataflow.dflow:1228 cleanup INFO: Shutting down executor threads
1706279166.815580 2024-01-26 11:26:06 MainProcess-8766 MainThread-140075838134080 parsl.executors.threads:74 shutdown DEBUG: Shutting down executor, which involves waiting for running tasks to complete
1706279166.815650 2024-01-26 11:26:06 MainProcess-8766 MainThread-140075838134080 parsl.executors.threads:76 shutdown DEBUG: Done with executor shutdown
1706279166.815724 2024-01-26 11:26:06 MainProcess-8766 MainThread-140075838134080 parsl.dataflow.dflow:1230 cleanup INFO: Shut down executor threads
1706279166.815785 2024-01-26 11:26:06 MainProcess-8766 MainThread-140075838134080 parsl.dataflow.dflow:1228 cleanup INFO: Shutting down executor _parsl_internal
1706279166.815841 2024-01-26 11:26:06 MainProcess-8766 MainThread-140075838134080 parsl.executors.threads:74 shutdown DEBUG: Shutting down executor, which involves waiting for running tasks to complete
1706279166.815903 2024-01-26 11:26:06 MainProcess-8766 MainThread-140075838134080 parsl.executors.threads:76 shutdown DEBUG: Done with executor shutdown
1706279166.815954 2024-01-26 11:26:06 MainProcess-8766 MainThread-140075838134080 parsl.dataflow.dflow:1230 cleanup INFO: Shut down executor _parsl_internal
1706279166.816004 2024-01-26 11:26:06 MainProcess-8766 MainThread-140075838134080 parsl.dataflow.dflow:1232 cleanup INFO: Terminated executors
1706279166.816045 2024-01-26 11:26:06 MainProcess-8766 MainThread-140075838134080 parsl.dataflow.dflow:1249 cleanup INFO: DFK cleanup complete
1706279166.816080 2024-01-26 11:26:06 MainProcess-8766 MainThread-140075838134080 parsl.process_loggers:28 wrapped DEBUG: Normal ending for cleanup on thread MainThread
