1706278402.412795 2024-01-26 11:13:22 MainProcess-8315 MainThread-140501840832320 parsl.dataflow.dflow:91 __init__ INFO: Starting DataFlowKernel with config
Config(
    app_cache=True, 
    checkpoint_files=None, 
    checkpoint_mode=None, 
    checkpoint_period=None, 
    executors=(ThreadPoolExecutor(
        label='threads', 
        max_threads=2, 
        storage_access=None, 
        thread_name_prefix='', 
        working_dir=None
    ),), 
    garbage_collect=True, 
    initialize_logging=True, 
    internal_tasks_max_threads=10, 
    max_idletime=120.0, 
    monitoring=None, 
    retries=0, 
    retry_handler=None, 
    run_dir='runinfo', 
    strategy='simple', 
    usage_tracking=False
)
1706278402.412997 2024-01-26 11:13:22 MainProcess-8315 MainThread-140501840832320 parsl.dataflow.dflow:93 __init__ INFO: Parsl version: 2024.01.22
1706278402.413125 2024-01-26 11:13:22 MainProcess-8315 MainThread-140501840832320 parsl.usage_tracking.usage:127 __init__ DEBUG: Tracking status: False
1706278402.413235 2024-01-26 11:13:22 MainProcess-8315 MainThread-140501840832320 parsl.dataflow.dflow:121 __init__ INFO: Run id is: e477a418-79a4-4530-b088-c803d3b527a5
1706278402.453620 2024-01-26 11:13:22 MainProcess-8315 MainThread-140501840832320 parsl.dataflow.dflow:128 __init__ DEBUG: Considering candidate for workflow name: /home/brenddon/.local/lib/python3.12/site-packages/parsl/dataflow/dflow.py
1706278402.453727 2024-01-26 11:13:22 MainProcess-8315 MainThread-140501840832320 parsl.dataflow.dflow:128 __init__ DEBUG: Considering candidate for workflow name: /home/brenddon/.local/lib/python3.12/site-packages/typeguard/__init__.py
1706278402.453798 2024-01-26 11:13:22 MainProcess-8315 MainThread-140501840832320 parsl.dataflow.dflow:128 __init__ DEBUG: Considering candidate for workflow name: /home/brenddon/.local/lib/python3.12/site-packages/parsl/dataflow/dflow.py
1706278402.453855 2024-01-26 11:13:22 MainProcess-8315 MainThread-140501840832320 parsl.dataflow.dflow:128 __init__ DEBUG: Considering candidate for workflow name: /home/brenddon/.local/lib/python3.12/site-packages/typeguard/__init__.py
1706278402.453894 2024-01-26 11:13:22 MainProcess-8315 MainThread-140501840832320 parsl.dataflow.dflow:128 __init__ DEBUG: Considering candidate for workflow name: /home/brenddon/Documents/lncc/programaDeVerao2024/parte2/workflowsPythonParsl/conteudo/05-Sequential/05_sequential.py
1706278402.453933 2024-01-26 11:13:22 MainProcess-8315 MainThread-140501840832320 parsl.dataflow.dflow:134 __init__ DEBUG: Using 05_sequential.py as workflow name
1706278402.454093 2024-01-26 11:13:22 MainProcess-8315 MainThread-140501840832320 parsl.dataflow.memoization:163 __init__ INFO: App caching initialized
1706278402.454154 2024-01-26 11:13:22 MainProcess-8315 MainThread-140501840832320 parsl.jobs.strategy:143 __init__ DEBUG: Scaling strategy: simple
1706278402.458220 2024-01-26 11:13:22 MainProcess-8315 MainThread-140501840832320 parsl.dataflow.dflow:949 submit DEBUG: Task 0 will be sent to executor threads
1706278402.458348 2024-01-26 11:13:22 MainProcess-8315 MainThread-140501840832320 parsl.dataflow.dflow:764 _add_output_deps DEBUG: Adding output dependencies
1706278402.458412 2024-01-26 11:13:22 MainProcess-8315 MainThread-140501840832320 parsl.dataflow.dflow:1031 submit INFO: Task 0 submitted for App generate, not waiting on any dependency
1706278402.458485 2024-01-26 11:13:22 MainProcess-8315 MainThread-140501840832320 parsl.dataflow.dflow:1037 submit DEBUG: Task 0 set to pending state with AppFuture: <AppFuture at 0x7fc9201285c0 state=pending>
1706278402.458541 2024-01-26 11:13:22 MainProcess-8315 MainThread-140501840832320 parsl.dataflow.memoization:222 check_memo DEBUG: Task 0 will not be memoized
1706278402.458852 2024-01-26 11:13:22 MainProcess-8315 MainThread-140501840832320 parsl.dataflow.dflow:727 launch_task INFO: Parsl task 0 try 0 launched on executor threads
1706278402.458942 2024-01-26 11:13:22 MainProcess-8315 MainThread-140501840832320 parsl.dataflow.dflow:551 _complete_task INFO: Task 0 completed (launched -> exec_done)
1706278402.459167 2024-01-26 11:13:22 MainProcess-8315 MainThread-140501840832320 parsl.dataflow.dflow:949 submit DEBUG: Task 1 will be sent to executor threads
1706278402.459258 2024-01-26 11:13:22 MainProcess-8315 MainThread-140501840832320 parsl.dataflow.dflow:764 _add_output_deps DEBUG: Adding output dependencies
1706278402.459314 2024-01-26 11:13:22 MainProcess-8315 MainThread-140501840832320 parsl.data_provider.files:55 cleancopy DEBUG: Making clean copy of File object <File at 0x7fc920000fb0 url=output.txt scheme=file netloc= path=output.txt filename=output.txt>
1706278402.459470 2024-01-26 11:13:22 MainProcess-8315 MainThread-140501840832320 parsl.dataflow.dflow:778 _add_output_deps DEBUG: Submitting stage out for output file <File at 0x7fc920000fb0 url=output.txt scheme=file netloc= path=output.txt filename=output.txt>
1706278402.459930 2024-01-26 11:13:22 MainProcess-8315 MainThread-140501840832320 parsl.data_provider.data_manager:161 stage_out DEBUG: stage_out checking Staging provider NoOpFileStaging()
1706278402.460014 2024-01-26 11:13:22 MainProcess-8315 MainThread-140501840832320 parsl.data_provider.file_noop:17 can_stage_out DEBUG: NoOpFileStaging checking file <File at 0x7fc91f4df920 url=output.txt scheme=file netloc= path=output.txt filename=output.txt>
1706278402.460066 2024-01-26 11:13:22 MainProcess-8315 MainThread-140501840832320 parsl.dataflow.dflow:784 _add_output_deps DEBUG: No stageout dependency for <File at 0x7fc920000fb0 url=output.txt scheme=file netloc= path=output.txt filename=output.txt>
1706278402.460292 2024-01-26 11:13:22 MainProcess-8315 MainThread-140501840832320 parsl.app.futures:64 __init__ DEBUG: Creating DataFuture with parent: <AppFuture at 0x7fc91f4df950 state=pending> and file: <File at 0x7fc920000fb0 url=output.txt scheme=file netloc= path=output.txt filename=output.txt>
1706278402.460580 2024-01-26 11:13:22 MainProcess-8315 MainThread-140501840832320 parsl.data_provider.data_manager:47 replace_task_stage_out DEBUG: stage_out checking Staging provider NoOpFileStaging()
1706278402.460661 2024-01-26 11:13:22 MainProcess-8315 MainThread-140501840832320 parsl.data_provider.file_noop:17 can_stage_out DEBUG: NoOpFileStaging checking file <File at 0x7fc91f4df920 url=output.txt scheme=file netloc= path=output.txt filename=output.txt>
1706278402.460742 2024-01-26 11:13:22 MainProcess-8315 MainThread-140501840832320 parsl.dataflow.dflow:1031 submit INFO: Task 1 submitted for App save, waiting on task 0
1706278402.460799 2024-01-26 11:13:22 MainProcess-8315 MainThread-140501840832320 parsl.dataflow.dflow:1037 submit DEBUG: Task 1 set to pending state with AppFuture: <AppFuture at 0x7fc91f4df950 state=pending>
1706278402.460860 2024-01-26 11:13:22 MainProcess-8315 MainThread-140501840832320 parsl.dataflow.memoization:222 check_memo DEBUG: Task 1 will not be memoized
1706278402.460941 2024-01-26 11:13:22 MainProcess-8315 MainThread-140501840832320 parsl.dataflow.dflow:727 launch_task INFO: Parsl task 1 try 0 launched on executor threads
1706278402.461021 2024-01-26 11:13:22 MainProcess-8315 MainThread-140501840832320 parsl.dataflow.dflow:610 launch_if_ready DEBUG: Task 1 is not pending, so launch_if_ready skipping
1706278402.463473 2024-01-26 11:13:22 MainProcess-8315 ThreadPoolExecutor-0_0-140501779998400 parsl.dataflow.dflow:551 _complete_task INFO: Task 1 completed (launched -> exec_done)
1706278402.463842 2024-01-26 11:13:22 MainProcess-8315 MainThread-140501840832320 parsl.dataflow.dflow:1145 atexit_cleanup INFO: DFK cleanup because python process is exiting
1706278402.463919 2024-01-26 11:13:22 MainProcess-8315 MainThread-140501840832320 parsl.dataflow.dflow:1182 cleanup INFO: DFK cleanup initiated
1706278402.463962 2024-01-26 11:13:22 MainProcess-8315 MainThread-140501840832320 parsl.dataflow.dflow:1075 log_task_states INFO: Summary of tasks in DFK:
1706278402.464011 2024-01-26 11:13:22 MainProcess-8315 MainThread-140501840832320 parsl.dataflow.dflow:1079 log_task_states INFO: Tasks in state States.unsched: 0
1706278402.464052 2024-01-26 11:13:22 MainProcess-8315 MainThread-140501840832320 parsl.dataflow.dflow:1079 log_task_states INFO: Tasks in state States.pending: 0
1706278402.464099 2024-01-26 11:13:22 MainProcess-8315 MainThread-140501840832320 parsl.dataflow.dflow:1079 log_task_states INFO: Tasks in state States.running: 0
1706278402.464135 2024-01-26 11:13:22 MainProcess-8315 MainThread-140501840832320 parsl.dataflow.dflow:1079 log_task_states INFO: Tasks in state States.exec_done: 2
1706278402.464170 2024-01-26 11:13:22 MainProcess-8315 MainThread-140501840832320 parsl.dataflow.dflow:1079 log_task_states INFO: Tasks in state States.failed: 0
1706278402.464203 2024-01-26 11:13:22 MainProcess-8315 MainThread-140501840832320 parsl.dataflow.dflow:1079 log_task_states INFO: Tasks in state States.dep_fail: 0
1706278402.464236 2024-01-26 11:13:22 MainProcess-8315 MainThread-140501840832320 parsl.dataflow.dflow:1079 log_task_states INFO: Tasks in state States.launched: 0
1706278402.464270 2024-01-26 11:13:22 MainProcess-8315 MainThread-140501840832320 parsl.dataflow.dflow:1079 log_task_states INFO: Tasks in state States.fail_retryable: 0
1706278402.464302 2024-01-26 11:13:22 MainProcess-8315 MainThread-140501840832320 parsl.dataflow.dflow:1079 log_task_states INFO: Tasks in state States.memo_done: 0
1706278402.464335 2024-01-26 11:13:22 MainProcess-8315 MainThread-140501840832320 parsl.dataflow.dflow:1079 log_task_states INFO: Tasks in state States.joining: 0
1706278402.464368 2024-01-26 11:13:22 MainProcess-8315 MainThread-140501840832320 parsl.dataflow.dflow:1079 log_task_states INFO: Tasks in state States.running_ended: 0
1706278402.464400 2024-01-26 11:13:22 MainProcess-8315 MainThread-140501840832320 parsl.dataflow.dflow:1081 log_task_states INFO: End of summary
1706278402.464464 2024-01-26 11:13:22 MainProcess-8315 MainThread-140501840832320 parsl.dataflow.dflow:1206 cleanup INFO: Closing job status poller
1706278402.464569 2024-01-26 11:13:22 MainProcess-8315 MainThread-140501840832320 parsl.dataflow.dflow:1208 cleanup INFO: Terminated job status poller
1706278402.464632 2024-01-26 11:13:22 MainProcess-8315 MainThread-140501840832320 parsl.dataflow.dflow:1210 cleanup INFO: Scaling in and shutting down executors
1706278402.464699 2024-01-26 11:13:22 MainProcess-8315 MainThread-140501840832320 parsl.dataflow.dflow:1228 cleanup INFO: Shutting down executor threads
1706278402.464746 2024-01-26 11:13:22 MainProcess-8315 MainThread-140501840832320 parsl.executors.threads:74 shutdown DEBUG: Shutting down executor, which involves waiting for running tasks to complete
1706278402.464788 2024-01-26 11:13:22 MainProcess-8315 MainThread-140501840832320 parsl.executors.threads:76 shutdown DEBUG: Done with executor shutdown
1706278402.464823 2024-01-26 11:13:22 MainProcess-8315 MainThread-140501840832320 parsl.dataflow.dflow:1230 cleanup INFO: Shut down executor threads
1706278402.464860 2024-01-26 11:13:22 MainProcess-8315 MainThread-140501840832320 parsl.dataflow.dflow:1228 cleanup INFO: Shutting down executor _parsl_internal
1706278402.464895 2024-01-26 11:13:22 MainProcess-8315 MainThread-140501840832320 parsl.executors.threads:74 shutdown DEBUG: Shutting down executor, which involves waiting for running tasks to complete
1706278402.464931 2024-01-26 11:13:22 MainProcess-8315 MainThread-140501840832320 parsl.executors.threads:76 shutdown DEBUG: Done with executor shutdown
1706278402.464964 2024-01-26 11:13:22 MainProcess-8315 MainThread-140501840832320 parsl.dataflow.dflow:1230 cleanup INFO: Shut down executor _parsl_internal
1706278402.464998 2024-01-26 11:13:22 MainProcess-8315 MainThread-140501840832320 parsl.dataflow.dflow:1232 cleanup INFO: Terminated executors
1706278402.465034 2024-01-26 11:13:22 MainProcess-8315 MainThread-140501840832320 parsl.dataflow.dflow:1249 cleanup INFO: DFK cleanup complete
1706278402.465071 2024-01-26 11:13:22 MainProcess-8315 MainThread-140501840832320 parsl.process_loggers:28 wrapped DEBUG: Normal ending for cleanup on thread MainThread
